[01m[K/home/andrewwhong/workspace/driverless/driverless_ws/src/planning/src/EKF_SLAM.cpp:[m[K In member function â€˜[01m[Kvoid SLAMValidation::topic_callback(const ConstSharedPtr&, const ConstSharedPtr&) const[m[Kâ€™:
[01m[K/home/andrewwhong/workspace/driverless/driverless_ws/src/planning/src/EKF_SLAM.cpp:62:5:[m[K [01;35m[Kwarning: [m[Kstatement has no effect [[01;35m[K-Wunused-value[m[K]
   62 |     [01;35m[Ktmp_1[m[K;
      |     [01;35m[K^~~~~[m[K
[01m[K/home/andrewwhong/workspace/driverless/driverless_ws/src/planning/src/EKF_SLAM.cpp:63:5:[m[K [01;35m[Kwarning: [m[Kstatement has no effect [[01;35m[K-Wunused-value[m[K]
   63 |     [01;35m[Ktmp_2[m[K;
      |     [01;35m[K^~~~~[m[K
[01m[K/home/andrewwhong/workspace/driverless/driverless_ws/src/planning/src/EKF_SLAM.cpp:64:61:[m[K [01;31m[Kerror: [m[Kâ€˜[01m[Kconst _stamp_type[m[Kâ€™ {aka â€˜[01m[Kconst struct builtin_interfaces::msg::Time_<std::allocator<void> >[m[Kâ€™} has no member named â€˜[01m[Knsec[m[Kâ€™; did you mean â€˜[01m[Ksec[m[Kâ€™?
   64 |     const char *temp_1 = std::to_string(tmp_1->header.stamp.[01;31m[Knsec[m[K).c_str(); //change to actual values
      |                                                             [01;31m[K^~~~[m[K
      |                                                             [32m[Ksec[m[K
[01m[K/home/andrewwhong/workspace/driverless/driverless_ws/src/planning/src/EKF_SLAM.cpp:65:61:[m[K [01;31m[Kerror: [m[Kâ€˜[01m[Kconst _stamp_type[m[Kâ€™ {aka â€˜[01m[Kconst struct builtin_interfaces::msg::Time_<std::allocator<void> >[m[Kâ€™} has no member named â€˜[01m[Knsec[m[Kâ€™; did you mean â€˜[01m[Ksec[m[Kâ€™?
   65 |     const char *temp_2 = std::to_string(tmp_2->header.stamp.[01;31m[Knsec[m[K).c_str();
      |                                                             [01;31m[K^~~~[m[K
      |                                                             [32m[Ksec[m[K
make[2]: *** [CMakeFiles/slam_test.dir/build.make:63: CMakeFiles/slam_test.dir/src/EKF_SLAM.cpp.o] Error 1
make[1]: *** [CMakeFiles/Makefile2:78: CMakeFiles/slam_test.dir/all] Error 2
make: *** [Makefile:141: all] Error 2
