[35m[1mScanning dependencies of target slam_test[0m
[ 50%] [32mBuilding CXX object CMakeFiles/slam_test.dir/src/EKF_SLAM.cpp.o[0m
[01m[K/home/andrewwhong/workspace/driverless/driverless_ws/src/planning/src/EKF_SLAM.cpp:[m[K In member function â€˜[01m[Kvoid SLAMValidation::topic_callback(const ConstSharedPtr&, const ConstSharedPtr&) const[m[Kâ€™:
[01m[K/home/andrewwhong/workspace/driverless/driverless_ws/src/planning/src/EKF_SLAM.cpp:62:48:[m[K [01;31m[Kerror: [m[Kâ€˜[01m[Kusing element_type = const struct eufs_msgs::msg::ConeArrayWithCovariance_<std::allocator<void> >[m[Kâ€™ {aka â€˜[01m[Kconst struct eufs_msgs::msg::ConeArrayWithCovariance_<std::allocator<void> >[m[Kâ€™} has no member named â€˜[01m[Ktemperature[m[Kâ€™
   62 |     const char *temp_1 = std::to_string(tmp_1->[01;31m[Ktemperature[m[K).c_str(); //change to actual values
      |                                                [01;31m[K^~~~~~~~~~~[m[K
[01m[K/home/andrewwhong/workspace/driverless/driverless_ws/src/planning/src/EKF_SLAM.cpp:63:48:[m[K [01;31m[Kerror: [m[Kâ€˜[01m[Kusing element_type = const struct eufs_msgs::msg::CarState_<std::allocator<void> >[m[Kâ€™ {aka â€˜[01m[Kconst struct eufs_msgs::msg::CarState_<std::allocator<void> >[m[Kâ€™} has no member named â€˜[01m[Ktemperature[m[Kâ€™
   63 |     const char *temp_2 = std::to_string(tmp_2->[01;31m[Ktemperature[m[K).c_str();
      |                                                [01;31m[K^~~~~~~~~~~[m[K
make[2]: *** [CMakeFiles/slam_test.dir/build.make:63: CMakeFiles/slam_test.dir/src/EKF_SLAM.cpp.o] Error 1
make[1]: *** [CMakeFiles/Makefile2:78: CMakeFiles/slam_test.dir/all] Error 2
make: *** [Makefile:141: all] Error 2
