[35m[1mScanning dependencies of target slam_test[0m
[ 50%] [32mBuilding CXX object CMakeFiles/slam_test.dir/src/EKF_SLAM.cpp.o[0m
[01m[K/driverless/driverless_ws/src/planning/src/EKF_SLAM.cpp:18:23:[m[K [01;31m[Kerror: [m[KISO C++ forbids declaration of â€˜[01m[KMinimalSubscriber[m[Kâ€™ with no type [[01;31m[K-fpermissive[m[K]
   18 |     MinimalSubscriber([01;31m[K)[m[K: Node("EKF_SLAM"){
      |                       [01;31m[K^[m[K
[01m[K/driverless/driverless_ws/src/planning/src/EKF_SLAM.cpp:42:5:[m[K [01;31m[Kerror: [m[Kâ€˜[01m[Kros[m[Kâ€™ does not name a type; did you mean â€˜[01m[Kcos[m[Kâ€™?
   42 |     [01;31m[Kros[m[K::NodeHandle nh_;
      |     [01;31m[K^~~[m[K
      |     [32m[Kcos[m[K
[01m[K/driverless/driverless_ws/src/planning/src/EKF_SLAM.cpp:46:45:[m[K [01;31m[Kerror: [m[Kâ€˜[01m[KApproximateTime[m[Kâ€™ in namespace â€˜[01m[Kmessage_filters::sync_policies[m[Kâ€™ does not name a template type
   46 |     typedef message_filters::sync_policies::[01;31m[KApproximateTime[m[K<eufs_msgs::msg::ConeArrayWithCovariance,
      |                                             [01;31m[K^~~~~~~~~~~~~~~[m[K
[01m[K/driverless/driverless_ws/src/planning/src/EKF_SLAM.cpp:48:43:[m[K [01;31m[Kerror: [m[Kâ€˜[01m[KMySyncPolicy[m[Kâ€™ was not declared in this scope
   48 |     typedef message_filters::Synchronizer<[01;31m[KMySyncPolicy[m[K> Sync;
      |                                           [01;31m[K^~~~~~~~~~~~[m[K
[01m[K/driverless/driverless_ws/src/planning/src/EKF_SLAM.cpp:48:55:[m[K [01;31m[Kerror: [m[Ktemplate argument 1 is invalid
   48 |     typedef message_filters::Synchronizer<MySyncPolicy[01;31m[K>[m[K Sync;
      |                                                       [01;31m[K^[m[K
[01m[K/driverless/driverless_ws/src/planning/src/EKF_SLAM.cpp:49:5:[m[K [01;31m[Kerror: [m[Kâ€˜[01m[Kboost[m[Kâ€™ does not name a type
   49 |     [01;31m[Kboost[m[K::shared_ptr<Sync> sync;
      |     [01;31m[K^~~~~[m[K
[01m[K/driverless/driverless_ws/src/planning/src/EKF_SLAM.cpp:[m[K In member function â€˜[01m[Kint SLAMValidation::MinimalSubscriber()[m[Kâ€™:
[01m[K/driverless/driverless_ws/src/planning/src/EKF_SLAM.cpp:18:26:[m[K [01;31m[Kerror: [m[Konly constructors take member initializers
   18 |     MinimalSubscriber(): [01;31m[KNode[m[K("EKF_SLAM"){
      |                          [01;31m[K^~~~[m[K
[01m[K/driverless/driverless_ws/src/planning/src/EKF_SLAM.cpp:19:7:[m[K [01;31m[Kerror: [m[Kâ€˜[01m[Ksub_1_[m[Kâ€™ was not declared in this scope
   19 |       [01;31m[Ksub_1_[m[K.subscribe(nh_, CONE_DATA_TOPIC, 10);
      |       [01;31m[K^~~~~~[m[K
[01m[K/driverless/driverless_ws/src/planning/src/EKF_SLAM.cpp:19:24:[m[K [01;31m[Kerror: [m[Kâ€˜[01m[Knh_[m[Kâ€™ was not declared in this scope
   19 |       sub_1_.subscribe([01;31m[Knh_[m[K, CONE_DATA_TOPIC, 10);
      |                        [01;31m[K^~~[m[K
[01m[K/driverless/driverless_ws/src/planning/src/EKF_SLAM.cpp:20:7:[m[K [01;31m[Kerror: [m[Kâ€˜[01m[Ksub_2_[m[Kâ€™ was not declared in this scope
   20 |       [01;31m[Ksub_2_[m[K.subscribe(nh_, VEHICLE_DATA_TOPIC, 10);
      |       [01;31m[K^~~~~~[m[K
[01m[K/driverless/driverless_ws/src/planning/src/EKF_SLAM.cpp:21:7:[m[K [01;31m[Kerror: [m[Kâ€˜[01m[Ksync[m[Kâ€™ was not declared in this scope; did you mean â€˜[01m[KSync[m[Kâ€™?
   21 |       [01;31m[Ksync[m[K.reset(new Sync(MySyncPolicy(10), cone_sub, vehicle_state_sub));
      |       [01;31m[K^~~~[m[K
      |       [32m[KSync[m[K
[01m[K/driverless/driverless_ws/src/planning/src/EKF_SLAM.cpp:21:27:[m[K [01;31m[Kerror: [m[Kâ€˜[01m[KMySyncPolicy[m[Kâ€™ was not declared in this scope
   21 |       sync.reset(new Sync([01;31m[KMySyncPolicy[m[K(10), cone_sub, vehicle_state_sub));
      |                           [01;31m[K^~~~~~~~~~~~[m[K
[01m[K/driverless/driverless_ws/src/planning/src/EKF_SLAM.cpp:21:72:[m[K [01;31m[Kerror: [m[Knew initializer expression list treated as compound expression [[01;31m[K-fpermissive[m[K]
   21 |       sync.reset(new Sync(MySyncPolicy(10), cone_sub, vehicle_state_sub[01;31m[K)[m[K);
      |                                                                        [01;31m[K^[m[K
[01m[K/driverless/driverless_ws/src/planning/src/EKF_SLAM.cpp:22:30:[m[K [01;31m[Kerror: [m[Kâ€˜[01m[Kboost[m[Kâ€™ has not been declared
   22 |       sync->registerCallback([01;31m[Kboost[m[K::bind(&SLAMValidation::run_slam, this, _1, _2));
      |                              [01;31m[K^~~~~[m[K
[01m[K/driverless/driverless_ws/src/planning/src/EKF_SLAM.cpp:22:79:[m[K [01;31m[Kerror: [m[Kâ€˜[01m[K_2[m[Kâ€™ was not declared in this scope; did you mean â€˜[01m[Kstd::placeholders::_2[m[Kâ€™?
   22 |       sync->registerCallback(boost::bind(&SLAMValidation::run_slam, this, _1, [01;31m[K_2[m[K));
      |                                                                               [01;31m[K^~[m[K
      |                                                                               [32m[Kstd::placeholders::_2[m[K
In file included from [01m[K/opt/ros/foxy/include/rclcpp/context.hpp:19[m[K,
                 from [01m[K/opt/ros/foxy/include/rclcpp/contexts/default_context.hpp:18[m[K,
                 from [01m[K/opt/ros/foxy/include/rclcpp/executor.hpp:32[m[K,
                 from [01m[K/opt/ros/foxy/include/rclcpp/executors/multi_threaded_executor.hpp:26[m[K,
                 from [01m[K/opt/ros/foxy/include/rclcpp/executors.hpp:21[m[K,
                 from [01m[K/opt/ros/foxy/include/rclcpp/rclcpp.hpp:146[m[K,
                 from [01m[K/driverless/driverless_ws/src/planning/src/EKF_SLAM.cpp:3[m[K:
[01m[K/usr/include/c++/9/functional:212:34:[m[K [01;36m[Knote: [m[Kâ€˜[01m[Kstd::placeholders::_2[m[Kâ€™ declared here
  212 |     extern const _Placeholder<2> [01;36m[K_2[m[K;
      |                                  [01;36m[K^~[m[K
[01m[K/driverless/driverless_ws/src/planning/src/EKF_SLAM.cpp:23:5:[m[K [01;35m[Kwarning: [m[Kno return statement in function returning non-void [[01;35m[K-Wreturn-type[m[K]
   23 |     [01;35m[K}[m[K
      |     [01;35m[K^[m[K
In file included from [01m[K/opt/ros/foxy/include/rclcpp/client.hpp:40[m[K,
                 from [01m[K/opt/ros/foxy/include/rclcpp/callback_group.hpp:23[m[K,
                 from [01m[K/opt/ros/foxy/include/rclcpp/any_executable.hpp:20[m[K,
                 from [01m[K/opt/ros/foxy/include/rclcpp/memory_strategy.hpp:24[m[K,
                 from [01m[K/opt/ros/foxy/include/rclcpp/memory_strategies.hpp:18[m[K,
                 from [01m[K/opt/ros/foxy/include/rclcpp/executor_options.hpp:20[m[K,
                 from [01m[K/opt/ros/foxy/include/rclcpp/executor.hpp:33[m[K,
                 from [01m[K/opt/ros/foxy/include/rclcpp/executors/multi_threaded_executor.hpp:26[m[K,
                 from [01m[K/opt/ros/foxy/include/rclcpp/executors.hpp:21[m[K,
                 from [01m[K/opt/ros/foxy/include/rclcpp/rclcpp.hpp:146[m[K,
                 from [01m[K/driverless/driverless_ws/src/planning/src/EKF_SLAM.cpp:3[m[K:
[01m[K/driverless/driverless_ws/src/planning/src/EKF_SLAM.cpp:[m[K In member function â€˜[01m[Kvoid SLAMValidation::run_slam(eufs_msgs::msg::ConeArrayWithCovariance_<std::allocator<void> >::SharedPtr, eufs_msgs::msg::CarState_<std::allocator<void> >::SharedPtr) const[m[Kâ€™:
[01m[K/driverless/driverless_ws/src/planning/src/EKF_SLAM.cpp:34:43:[m[K [01;31m[Kerror: [m[Kbase operand of â€˜[01m[K->[m[Kâ€™ has non-pointer type â€˜[01m[Keufs_msgs::msg::CarState_<std::allocator<void> >::_pose_type[m[Kâ€™ {aka â€˜[01m[Kgeometry_msgs::msg::PoseWithCovariance_<std::allocator<void> >[m[Kâ€™}
   34 |                   vehicle_state_data->pose[01;31m[K->[m[Kpoint->x,
      |                                           [01;31m[K^~[m[K
[01m[K/driverless/driverless_ws/src/planning/src/EKF_SLAM.cpp:35:43:[m[K [01;31m[Kerror: [m[Kbase operand of â€˜[01m[K->[m[Kâ€™ has non-pointer type â€˜[01m[Keufs_msgs::msg::CarState_<std::allocator<void> >::_pose_type[m[Kâ€™ {aka â€˜[01m[Kgeometry_msgs::msg::PoseWithCovariance_<std::allocator<void> >[m[Kâ€™}
   35 |                   vehicle_state_data->pose[01;31m[K->[m[Kpoint->y,
      |                                           [01;31m[K^~[m[K
[01m[K/driverless/driverless_ws/src/planning/src/EKF_SLAM.cpp:36:43:[m[K [01;31m[Kerror: [m[Kbase operand of â€˜[01m[K->[m[Kâ€™ has non-pointer type â€˜[01m[Keufs_msgs::msg::CarState_<std::allocator<void> >::_pose_type[m[Kâ€™ {aka â€˜[01m[Kgeometry_msgs::msg::PoseWithCovariance_<std::allocator<void> >[m[Kâ€™}
   36 |                   vehicle_state_data->pose[01;31m[K->[m[Kpoint->z);
      |                                           [01;31m[K^~[m[K
[01m[K/driverless/driverless_ws/src/planning/src/EKF_SLAM.cpp:[m[K In function â€˜[01m[Kint main(int, char**)[m[Kâ€™:
[01m[K/driverless/driverless_ws/src/planning/src/EKF_SLAM.cpp:54:33:[m[K [01;31m[Kerror: [m[Kâ€˜[01m[KMinimalSubscriber[m[Kâ€™ was not declared in this scope
   54 |   rclcpp::spin(std::make_shared<[01;31m[KMinimalSubscriber[m[K>());
      |                                 [01;31m[K^~~~~~~~~~~~~~~~~[m[K
[01m[K/driverless/driverless_ws/src/planning/src/EKF_SLAM.cpp:54:52:[m[K [01;31m[Kerror: [m[Kno matching function for call to â€˜[01m[Kmake_shared<<expression error> >()[m[Kâ€™
   54 |   rclcpp::spin(std::make_shared<MinimalSubscriber>([01;31m[K)[m[K);
      |                                                    [01;31m[K^[m[K
In file included from [01m[K/usr/include/c++/9/memory:81[m[K,
                 from [01m[K/driverless/driverless_ws/src/planning/src/EKF_SLAM.cpp:1[m[K:
[01m[K/usr/include/c++/9/bits/shared_ptr.h:714:5:[m[K [01;36m[Knote: [m[Kcandidate: â€˜[01m[Ktemplate<class _Tp, class ... _Args> std::shared_ptr<_Tp> std::make_shared(_Args&& ...)[m[Kâ€™
  714 |     [01;36m[Kmake_shared[m[K(_Args&&... __args)
      |     [01;36m[K^~~~~~~~~~~[m[K
[01m[K/usr/include/c++/9/bits/shared_ptr.h:714:5:[m[K [01;36m[Knote: [m[K  template argument deduction/substitution failed:
[01m[K/driverless/driverless_ws/src/planning/src/EKF_SLAM.cpp:54:52:[m[K [01;31m[Kerror: [m[Ktemplate argument 1 is invalid
   54 |   rclcpp::spin(std::make_shared<MinimalSubscriber>([01;31m[K)[m[K);
      |                                                    [01;31m[K^[m[K
make[2]: *** [CMakeFiles/slam_test.dir/build.make:63: CMakeFiles/slam_test.dir/src/EKF_SLAM.cpp.o] Error 1
make[1]: *** [CMakeFiles/Makefile2:78: CMakeFiles/slam_test.dir/all] Error 2
make: *** [Makefile:141: all] Error 2
