[0.010s] Invoking command in '/driverless/driverless_ws/build/planning': AMENT_PREFIX_PATH=/driverless/driverless_ws/install/eufs_msgs:${AMENT_PREFIX_PATH} CMAKE_PREFIX_PATH=/driverless/driverless_ws/install/eufs_msgs:/opt/ros/foxy LD_LIBRARY_PATH=/driverless/driverless_ws/install/eufs_msgs/lib:${LD_LIBRARY_PATH} PYTHONPATH=/driverless/driverless_ws/install/eufs_msgs/lib/python3.8/site-packages:${PYTHONPATH} /usr/bin/cmake --build /driverless/driverless_ws/build/planning -- -j8 -l8
[0.050s] [35m[1mScanning dependencies of target slam_test[0m
[0.083s] [ 50%] [32mBuilding CXX object CMakeFiles/slam_test.dir/src/EKF_SLAM.cpp.o[0m
[1.176s] [01m[K/driverless/driverless_ws/src/planning/src/EKF_SLAM.cpp:[m[K In constructor â€˜[01m[KSLAMValidation::SLAMValidation()[m[Kâ€™:
[1.176s] [01m[K/driverless/driverless_ws/src/planning/src/EKF_SLAM.cpp:26:103:[m[K [01;31m[Kerror: [m[Kâ€˜[01m[Kvehicle_state_pub[m[Kâ€™ was not declared in this scope; did you mean â€˜[01m[Kvehicle_state_sub[m[Kâ€™?
[1.176s]    26 |       message_filters::Synchronizer<approx_sync_policy> approx_sync(approx_sync_policy(10), cone_sub, [01;31m[Kvehicle_state_pub[m[K);
[1.177s]       |                                                                                                       [01;31m[K^~~~~~~~~~~~~~~~~[m[K
[1.177s]       |                                                                                                       [32m[Kvehicle_state_sub[m[K
[1.178s] In file included from [01m[K/opt/ros/foxy/include/rclcpp/client.hpp:40[m[K,
[1.178s]                  from [01m[K/opt/ros/foxy/include/rclcpp/callback_group.hpp:23[m[K,
[1.178s]                  from [01m[K/opt/ros/foxy/include/rclcpp/any_executable.hpp:20[m[K,
[1.178s]                  from [01m[K/opt/ros/foxy/include/rclcpp/memory_strategy.hpp:24[m[K,
[1.178s]                  from [01m[K/opt/ros/foxy/include/rclcpp/memory_strategies.hpp:18[m[K,
[1.178s]                  from [01m[K/opt/ros/foxy/include/rclcpp/executor_options.hpp:20[m[K,
[1.178s]                  from [01m[K/opt/ros/foxy/include/rclcpp/executor.hpp:33[m[K,
[1.178s]                  from [01m[K/opt/ros/foxy/include/rclcpp/executors/multi_threaded_executor.hpp:26[m[K,
[1.178s]                  from [01m[K/opt/ros/foxy/include/rclcpp/executors.hpp:21[m[K,
[1.179s]                  from [01m[K/opt/ros/foxy/include/rclcpp/rclcpp.hpp:146[m[K,
[1.179s]                  from [01m[K/driverless/driverless_ws/src/planning/src/EKF_SLAM.cpp:3[m[K:
[1.179s] [01m[K/driverless/driverless_ws/src/planning/src/EKF_SLAM.cpp:[m[K In member function â€˜[01m[Kvoid SLAMValidation::run_slam(eufs_msgs::msg::ConeArrayWithCovariance_<std::allocator<void> >::SharedPtr, eufs_msgs::msg::CarState_<std::allocator<void> >::SharedPtr) const[m[Kâ€™:
[1.179s] [01m[K/driverless/driverless_ws/src/planning/src/EKF_SLAM.cpp:42:43:[m[K [01;31m[Kerror: [m[Kbase operand of â€˜[01m[K->[m[Kâ€™ has non-pointer type â€˜[01m[Keufs_msgs::msg::CarState_<std::allocator<void> >::_pose_type[m[Kâ€™ {aka â€˜[01m[Kgeometry_msgs::msg::PoseWithCovariance_<std::allocator<void> >[m[Kâ€™}
[1.179s]    42 |                   vehicle_state_data->pose[01;31m[K->[m[Kpoint->x,
[1.179s]       |                                           [01;31m[K^~[m[K
[1.179s] [01m[K/driverless/driverless_ws/src/planning/src/EKF_SLAM.cpp:43:43:[m[K [01;31m[Kerror: [m[Kbase operand of â€˜[01m[K->[m[Kâ€™ has non-pointer type â€˜[01m[Keufs_msgs::msg::CarState_<std::allocator<void> >::_pose_type[m[Kâ€™ {aka â€˜[01m[Kgeometry_msgs::msg::PoseWithCovariance_<std::allocator<void> >[m[Kâ€™}
[1.179s]    43 |                   vehicle_state_data->pose[01;31m[K->[m[Kpoint->y,
[1.179s]       |                                           [01;31m[K^~[m[K
[1.179s] [01m[K/driverless/driverless_ws/src/planning/src/EKF_SLAM.cpp:44:43:[m[K [01;31m[Kerror: [m[Kbase operand of â€˜[01m[K->[m[Kâ€™ has non-pointer type â€˜[01m[Keufs_msgs::msg::CarState_<std::allocator<void> >::_pose_type[m[Kâ€™ {aka â€˜[01m[Kgeometry_msgs::msg::PoseWithCovariance_<std::allocator<void> >[m[Kâ€™}
[1.179s]    44 |                   vehicle_state_data->pose[01;31m[K->[m[Kpoint->z);
[1.179s]       |                                           [01;31m[K^~[m[K
[1.182s] [01m[K/driverless/driverless_ws/src/planning/src/EKF_SLAM.cpp:[m[K In function â€˜[01m[Kint main(int, char**)[m[Kâ€™:
[1.182s] [01m[K/driverless/driverless_ws/src/planning/src/EKF_SLAM.cpp:56:33:[m[K [01;31m[Kerror: [m[Kâ€˜[01m[KMinimalSubscriber[m[Kâ€™ was not declared in this scope
[1.182s]    56 |   rclcpp::spin(std::make_shared<[01;31m[KMinimalSubscriber[m[K>());
[1.182s]       |                                 [01;31m[K^~~~~~~~~~~~~~~~~[m[K
[1.182s] [01m[K/driverless/driverless_ws/src/planning/src/EKF_SLAM.cpp:56:52:[m[K [01;31m[Kerror: [m[Kno matching function for call to â€˜[01m[Kmake_shared<<expression error> >()[m[Kâ€™
[1.182s]    56 |   rclcpp::spin(std::make_shared<MinimalSubscriber>([01;31m[K)[m[K);
[1.182s]       |                                                    [01;31m[K^[m[K
[1.182s] In file included from [01m[K/usr/include/c++/9/memory:81[m[K,
[1.182s]                  from [01m[K/driverless/driverless_ws/src/planning/src/EKF_SLAM.cpp:1[m[K:
[1.183s] [01m[K/usr/include/c++/9/bits/shared_ptr.h:714:5:[m[K [01;36m[Knote: [m[Kcandidate: â€˜[01m[Ktemplate<class _Tp, class ... _Args> std::shared_ptr<_Tp> std::make_shared(_Args&& ...)[m[Kâ€™
[1.183s]   714 |     [01;36m[Kmake_shared[m[K(_Args&&... __args)
[1.183s]       |     [01;36m[K^~~~~~~~~~~[m[K
[1.183s] [01m[K/usr/include/c++/9/bits/shared_ptr.h:714:5:[m[K [01;36m[Knote: [m[K  template argument deduction/substitution failed:
[1.183s] [01m[K/driverless/driverless_ws/src/planning/src/EKF_SLAM.cpp:56:52:[m[K [01;31m[Kerror: [m[Ktemplate argument 1 is invalid
[1.183s]    56 |   rclcpp::spin(std::make_shared<MinimalSubscriber>([01;31m[K)[m[K);
[1.183s]       |                                                    [01;31m[K^[m[K
[1.256s] In file included from [01m[K/driverless/driverless_ws/src/planning/src/EKF_SLAM.cpp:6[m[K:
[1.257s] /opt/ros/foxy/include/message_filters/synchronizer.h: In instantiation of â€˜[01m[Kmessage_filters::Connection message_filters::Synchronizer<Policy>::registerCallback(const C&, T*) [with C = void (SLAMValidation::*)(std::shared_ptr<eufs_msgs::msg::ConeArrayWithCovariance_<std::allocator<void> > >, std::shared_ptr<eufs_msgs::msg::CarState_<std::allocator<void> > >) const; T = SLAMValidation; Policy = message_filters::sync_policies::ApproximateTime<eufs_msgs::msg::ConeArrayWithCovariance_<std::allocator<void> >, eufs_msgs::msg::CarState_<std::allocator<void> > >][m[Kâ€™:
[1.257s] [01m[K/driverless/driverless_ws/src/planning/src/EKF_SLAM.cpp:28:67:[m[K   required from here
[1.257s] [01m[K/opt/ros/foxy/include/message_filters/synchronizer.h:304:43:[m[K [01;31m[Kerror: [m[Kno matching function for call to â€˜[01m[Kmessage_filters::Signal9<eufs_msgs::msg::ConeArrayWithCovariance_<std::allocator<void> >, eufs_msgs::msg::CarState_<std::allocator<void> >, message_filters::NullType, message_filters::NullType, message_filters::NullType, message_filters::NullType, message_filters::NullType, message_filters::NullType, message_filters::NullType>::addCallback(void (SLAMValidation::* const&)(std::shared_ptr<eufs_msgs::msg::ConeArrayWithCovariance_<std::allocator<void> > >, std::shared_ptr<eufs_msgs::msg::CarState_<std::allocator<void> > >) const, SLAMValidation*&)[m[Kâ€™
[1.258s]   304 |     return signal_.addCallback(callback, t[01;31m[K)[m[K;
[1.258s]       |                                           [01;31m[K^[m[K
[1.258s] In file included from [01m[K/opt/ros/foxy/include/message_filters/synchronizer.h:47[m[K,
[1.258s]                  from [01m[K/driverless/driverless_ws/src/planning/src/EKF_SLAM.cpp:6[m[K:
[1.258s] [01m[K/opt/ros/foxy/include/message_filters/signal9.h:170:14:[m[K [01;36m[Knote: [m[Kcandidate: â€˜[01m[Ktemplate<class P0, class P1, class P2, class P3, class P4, class P5, class P6, class P7, class P8> message_filters::Connection message_filters::Signal9<M0, M1, M2, M3, M4, M5, M6, M7, M8>::addCallback(const std::function<void(P0, P1, P2, P3, P4, P5, P6, P7, P8)>&) [with P0 = P0; P1 = P1; P2 = P2; P3 = P3; P4 = P4; P5 = P5; P6 = P6; P7 = P7; P8 = P8; M0 = eufs_msgs::msg::ConeArrayWithCovariance_<std::allocator<void> >; M1 = eufs_msgs::msg::CarState_<std::allocator<void> >; M2 = message_filters::NullType; M3 = message_filters::NullType; M4 = message_filters::NullType; M5 = message_filters::NullType; M6 = message_filters::NullType; M7 = message_filters::NullType; M8 = message_filters::NullType][m[Kâ€™
[1.258s]   170 |   Connection [01;36m[KaddCallback[m[K(const std::function<void(P0, P1, P2, P3, P4, P5, P6, P7, P8)>& callback)
[1.258s]       |              [01;36m[K^~~~~~~~~~~[m[K
[1.258s] [01m[K/opt/ros/foxy/include/message_filters/signal9.h:170:14:[m[K [01;36m[Knote: [m[K  template argument deduction/substitution failed:
[1.258s] In file included from [01m[K/driverless/driverless_ws/src/planning/src/EKF_SLAM.cpp:6[m[K:
[1.258s] [01m[K/opt/ros/foxy/include/message_filters/synchronizer.h:304:43:[m[K [01;36m[Knote: [m[K  mismatched types â€˜[01m[Kconst std::function<void(P0, P1, P2, P3, P4, P5, P6, P7, P8)>[m[Kâ€™ and â€˜[01m[Kvoid (SLAMValidation::* const)(std::shared_ptr<eufs_msgs::msg::ConeArrayWithCovariance_<std::allocator<void> > >, std::shared_ptr<eufs_msgs::msg::CarState_<std::allocator<void> > >) const[m[Kâ€™
[1.259s]   304 |     return signal_.addCallback(callback, t[01;36m[K)[m[K;
[1.259s]       |                                           [01;36m[K^[m[K
[1.259s] In file included from [01m[K/opt/ros/foxy/include/message_filters/synchronizer.h:47[m[K,
[1.259s]                  from [01m[K/driverless/driverless_ws/src/planning/src/EKF_SLAM.cpp:6[m[K:
[1.259s] [01m[K/opt/ros/foxy/include/message_filters/signal9.h:180:14:[m[K [01;36m[Knote: [m[Kcandidate: â€˜[01m[Ktemplate<class P0, class P1> message_filters::Connection message_filters::Signal9<M0, M1, M2, M3, M4, M5, M6, M7, M8>::addCallback(void (*)(P0, P1)) [with P0 = P0; P1 = P1; M0 = eufs_msgs::msg::ConeArrayWithCovariance_<std::allocator<void> >; M1 = eufs_msgs::msg::CarState_<std::allocator<void> >; M2 = message_filters::NullType; M3 = message_filters::NullType; M4 = message_filters::NullType; M5 = message_filters::NullType; M6 = message_filters::NullType; M7 = message_filters::NullType; M8 = message_filters::NullType][m[Kâ€™
[1.259s]   180 |   Connection [01;36m[KaddCallback[m[K(void(*callback)(P0, P1))
[1.259s]       |              [01;36m[K^~~~~~~~~~~[m[K
[1.259s] [01m[K/opt/ros/foxy/include/message_filters/signal9.h:180:14:[m[K [01;36m[Knote: [m[K  template argument deduction/substitution failed:
[1.259s] In file included from [01m[K/driverless/driverless_ws/src/planning/src/EKF_SLAM.cpp:6[m[K:
[1.259s] [01m[K/opt/ros/foxy/include/message_filters/synchronizer.h:304:43:[m[K [01;36m[Knote: [m[K  mismatched types â€˜[01m[Kvoid (*)(P0, P1)[m[Kâ€™ and â€˜[01m[Kvoid (SLAMValidation::*)(std::shared_ptr<eufs_msgs::msg::ConeArrayWithCovariance_<std::allocator<void> > >, std::shared_ptr<eufs_msgs::msg::CarState_<std::allocator<void> > >) const[m[Kâ€™
[1.259s]   304 |     return signal_.addCallback(callback, t[01;36m[K)[m[K;
[1.259s]       |                                           [01;36m[K^[m[K
[1.260s] In file included from [01m[K/opt/ros/foxy/include/message_filters/synchronizer.h:47[m[K,
[1.260s]                  from [01m[K/driverless/driverless_ws/src/planning/src/EKF_SLAM.cpp:6[m[K:
[1.260s] [01m[K/opt/ros/foxy/include/message_filters/signal9.h:186:14:[m[K [01;36m[Knote: [m[Kcandidate: â€˜[01m[Ktemplate<class P0, class P1, class P2> message_filters::Connection message_filters::Signal9<M0, M1, M2, M3, M4, M5, M6, M7, M8>::addCallback(void (*)(P0, P1, P2)) [with P0 = P0; P1 = P1; P2 = P2; M0 = eufs_msgs::msg::ConeArrayWithCovariance_<std::allocator<void> >; M1 = eufs_msgs::msg::CarState_<std::allocator<void> >; M2 = message_filters::NullType; M3 = message_filters::NullType; M4 = message_filters::NullType; M5 = message_filters::NullType; M6 = message_filters::NullType; M7 = message_filters::NullType; M8 = message_filters::NullType][m[Kâ€™
[1.260s]   186 |   Connection [01;36m[KaddCallback[m[K(void(*callback)(P0, P1, P2))
[1.260s]       |              [01;36m[K^~~~~~~~~~~[m[K
[1.260s] [01m[K/opt/ros/foxy/include/message_filters/signal9.h:186:14:[m[K [01;36m[Knote: [m[K  template argument deduction/substitution failed:
[1.260s] In file included from [01m[K/driverless/driverless_ws/src/planning/src/EKF_SLAM.cpp:6[m[K:
[1.260s] [01m[K/opt/ros/foxy/include/message_filters/synchronizer.h:304:43:[m[K [01;36m[Knote: [m[K  mismatched types â€˜[01m[Kvoid (*)(P0, P1, P2)[m[Kâ€™ and â€˜[01m[Kvoid (SLAMValidation::*)(std::shared_ptr<eufs_msgs::msg::ConeArrayWithCovariance_<std::allocator<void> > >, std::shared_ptr<eufs_msgs::msg::CarState_<std::allocator<void> > >) const[m[Kâ€™
[1.260s]   304 |     return signal_.addCallback(callback, t[01;36m[K)[m[K;
[1.260s]       |                                           [01;36m[K^[m[K
[1.260s] In file included from [01m[K/opt/ros/foxy/include/message_filters/synchronizer.h:47[m[K,
[1.261s]                  from [01m[K/driverless/driverless_ws/src/planning/src/EKF_SLAM.cpp:6[m[K:
[1.261s] [01m[K/opt/ros/foxy/include/message_filters/signal9.h:192:14:[m[K [01;36m[Knote: [m[Kcandidate: â€˜[01m[Ktemplate<class P0, class P1, class P2, class P3> message_filters::Connection message_filters::Signal9<M0, M1, M2, M3, M4, M5, M6, M7, M8>::addCallback(void (*)(P0, P1, P2, P3)) [with P0 = P0; P1 = P1; P2 = P2; P3 = P3; M0 = eufs_msgs::msg::ConeArrayWithCovariance_<std::allocator<void> >; M1 = eufs_msgs::msg::CarState_<std::allocator<void> >; M2 = message_filters::NullType; M3 = message_filters::NullType; M4 = message_filters::NullType; M5 = message_filters::NullType; M6 = message_filters::NullType; M7 = message_filters::NullType; M8 = message_filters::NullType][m[Kâ€™
[1.261s]   192 |   Connection [01;36m[KaddCallback[m[K(void(*callback)(P0, P1, P2, P3))
[1.261s]       |              [01;36m[K^~~~~~~~~~~[m[K
[1.261s] [01m[K/opt/ros/foxy/include/message_filters/signal9.h:192:14:[m[K [01;36m[Knote: [m[K  template argument deduction/substitution failed:
[1.261s] In file included from [01m[K/driverless/driverless_ws/src/planning/src/EKF_SLAM.cpp:6[m[K:
[1.261s] [01m[K/opt/ros/foxy/include/message_filters/synchronizer.h:304:43:[m[K [01;36m[Knote: [m[K  mismatched types â€˜[01m[Kvoid (*)(P0, P1, P2, P3)[m[Kâ€™ and â€˜[01m[Kvoid (SLAMValidation::*)(std::shared_ptr<eufs_msgs::msg::ConeArrayWithCovariance_<std::allocator<void> > >, std::shared_ptr<eufs_msgs::msg::CarState_<std::allocator<void> > >) const[m[Kâ€™
[1.261s]   304 |     return signal_.addCallback(callback, t[01;36m[K)[m[K;
[1.261s]       |                                           [01;36m[K^[m[K
[1.261s] In file included from [01m[K/opt/ros/foxy/include/message_filters/synchronizer.h:47[m[K,
[1.261s]                  from [01m[K/driverless/driverless_ws/src/planning/src/EKF_SLAM.cpp:6[m[K:
[1.262s] [01m[K/opt/ros/foxy/include/message_filters/signal9.h:198:14:[m[K [01;36m[Knote: [m[Kcandidate: â€˜[01m[Ktemplate<class P0, class P1, class P2, class P3, class P4> message_filters::Connection message_filters::Signal9<M0, M1, M2, M3, M4, M5, M6, M7, M8>::addCallback(void (*)(P0, P1, P2, P3, P4)) [with P0 = P0; P1 = P1; P2 = P2; P3 = P3; P4 = P4; M0 = eufs_msgs::msg::ConeArrayWithCovariance_<std::allocator<void> >; M1 = eufs_msgs::msg::CarState_<std::allocator<void> >; M2 = message_filters::NullType; M3 = message_filters::NullType; M4 = message_filters::NullType; M5 = message_filters::NullType; M6 = message_filters::NullType; M7 = message_filters::NullType; M8 = message_filters::NullType][m[Kâ€™
[1.262s]   198 |   Connection [01;36m[KaddCallback[m[K(void(*callback)(P0, P1, P2, P3, P4))
[1.262s]       |              [01;36m[K^~~~~~~~~~~[m[K
[1.262s] [01m[K/opt/ros/foxy/include/message_filters/signal9.h:198:14:[m[K [01;36m[Knote: [m[K  template argument deduction/substitution failed:
[1.262s] In file included from [01m[K/driverless/driverless_ws/src/planning/src/EKF_SLAM.cpp:6[m[K:
[1.262s] [01m[K/opt/ros/foxy/include/message_filters/synchronizer.h:304:43:[m[K [01;36m[Knote: [m[K  mismatched types â€˜[01m[Kvoid (*)(P0, P1, P2, P3, P4)[m[Kâ€™ and â€˜[01m[Kvoid (SLAMValidation::*)(std::shared_ptr<eufs_msgs::msg::ConeArrayWithCovariance_<std::allocator<void> > >, std::shared_ptr<eufs_msgs::msg::CarState_<std::allocator<void> > >) const[m[Kâ€™
[1.262s]   304 |     return signal_.addCallback(callback, t[01;36m[K)[m[K;
[1.262s]       |                                           [01;36m[K^[m[K
[1.262s] In file included from [01m[K/opt/ros/foxy/include/message_filters/synchronizer.h:47[m[K,
[1.262s]                  from [01m[K/driverless/driverless_ws/src/planning/src/EKF_SLAM.cpp:6[m[K:
[1.262s] [01m[K/opt/ros/foxy/include/message_filters/signal9.h:204:14:[m[K [01;36m[Knote: [m[Kcandidate: â€˜[01m[Ktemplate<class P0, class P1, class P2, class P3, class P4, class P5> message_filters::Connection message_filters::Signal9<M0, M1, M2, M3, M4, M5, M6, M7, M8>::addCallback(void (*)(P0, P1, P2, P3, P4, P5)) [with P0 = P0; P1 = P1; P2 = P2; P3 = P3; P4 = P4; P5 = P5; M0 = eufs_msgs::msg::ConeArrayWithCovariance_<std::allocator<void> >; M1 = eufs_msgs::msg::CarState_<std::allocator<void> >; M2 = message_filters::NullType; M3 = message_filters::NullType; M4 = message_filters::NullType; M5 = message_filters::NullType; M6 = message_filters::NullType; M7 = message_filters::NullType; M8 = message_filters::NullType][m[Kâ€™
[1.263s]   204 |   Connection [01;36m[KaddCallback[m[K(void(*callback)(P0, P1, P2, P3, P4, P5))
[1.263s]       |              [01;36m[K^~~~~~~~~~~[m[K
[1.263s] [01m[K/opt/ros/foxy/include/message_filters/signal9.h:204:14:[m[K [01;36m[Knote: [m[K  template argument deduction/substitution failed:
[1.263s] In file included from [01m[K/driverless/driverless_ws/src/planning/src/EKF_SLAM.cpp:6[m[K:
[1.263s] [01m[K/opt/ros/foxy/include/message_filters/synchronizer.h:304:43:[m[K [01;36m[Knote: [m[K  mismatched types â€˜[01m[Kvoid (*)(P0, P1, P2, P3, P4, P5)[m[Kâ€™ and â€˜[01m[Kvoid (SLAMValidation::*)(std::shared_ptr<eufs_msgs::msg::ConeArrayWithCovariance_<std::allocator<void> > >, std::shared_ptr<eufs_msgs::msg::CarState_<std::allocator<void> > >) const[m[Kâ€™
[1.263s]   304 |     return signal_.addCallback(callback, t[01;36m[K)[m[K;
[1.263s]       |                                           [01;36m[K^[m[K
[1.263s] In file included from [01m[K/opt/ros/foxy/include/message_filters/synchronizer.h:47[m[K,
[1.263s]                  from [01m[K/driverless/driverless_ws/src/planning/src/EKF_SLAM.cpp:6[m[K:
[1.263s] [01m[K/opt/ros/foxy/include/message_filters/signal9.h:210:14:[m[K [01;36m[Knote: [m[Kcandidate: â€˜[01m[Ktemplate<class P0, class P1, class P2, class P3, class P4, class P5, class P6> message_filters::Connection message_filters::Signal9<M0, M1, M2, M3, M4, M5, M6, M7, M8>::addCallback(void (*)(P0, P1, P2, P3, P4, P5, P6)) [with P0 = P0; P1 = P1; P2 = P2; P3 = P3; P4 = P4; P5 = P5; P6 = P6; M0 = eufs_msgs::msg::ConeArrayWithCovariance_<std::allocator<void> >; M1 = eufs_msgs::msg::CarState_<std::allocator<void> >; M2 = message_filters::NullType; M3 = message_filters::NullType; M4 = message_filters::NullType; M5 = message_filters::NullType; M6 = message_filters::NullType; M7 = message_filters::NullType; M8 = message_filters::NullType][m[Kâ€™
[1.263s]   210 |   Connection [01;36m[KaddCallback[m[K(void(*callback)(P0, P1, P2, P3, P4, P5, P6))
[1.263s]       |              [01;36m[K^~~~~~~~~~~[m[K
[1.263s] [01m[K/opt/ros/foxy/include/message_filters/signal9.h:210:14:[m[K [01;36m[Knote: [m[K  template argument deduction/substitution failed:
[1.264s] In file included from [01m[K/driverless/driverless_ws/src/planning/src/EKF_SLAM.cpp:6[m[K:
[1.264s] [01m[K/opt/ros/foxy/include/message_filters/synchronizer.h:304:43:[m[K [01;36m[Knote: [m[K  mismatched types â€˜[01m[Kvoid (*)(P0, P1, P2, P3, P4, P5, P6)[m[Kâ€™ and â€˜[01m[Kvoid (SLAMValidation::*)(std::shared_ptr<eufs_msgs::msg::ConeArrayWithCovariance_<std::allocator<void> > >, std::shared_ptr<eufs_msgs::msg::CarState_<std::allocator<void> > >) const[m[Kâ€™
[1.264s]   304 |     return signal_.addCallback(callback, t[01;36m[K)[m[K;
[1.264s]       |                                           [01;36m[K^[m[K
[1.264s] In file included from [01m[K/opt/ros/foxy/include/message_filters/synchronizer.h:47[m[K,
[1.264s]                  from [01m[K/driverless/driverless_ws/src/planning/src/EKF_SLAM.cpp:6[m[K:
[1.264s] [01m[K/opt/ros/foxy/include/message_filters/signal9.h:216:14:[m[K [01;36m[Knote: [m[Kcandidate: â€˜[01m[Ktemplate<class P0, class P1, class P2, class P3, class P4, class P5, class P6, class P7> message_filters::Connection message_filters::Signal9<M0, M1, M2, M3, M4, M5, M6, M7, M8>::addCallback(void (*)(P0, P1, P2, P3, P4, P5, P6, P7)) [with P0 = P0; P1 = P1; P2 = P2; P3 = P3; P4 = P4; P5 = P5; P6 = P6; P7 = P7; M0 = eufs_msgs::msg::ConeArrayWithCovariance_<std::allocator<void> >; M1 = eufs_msgs::msg::CarState_<std::allocator<void> >; M2 = message_filters::NullType; M3 = message_filters::NullType; M4 = message_filters::NullType; M5 = message_filters::NullType; M6 = message_filters::NullType; M7 = message_filters::NullType; M8 = message_filters::NullType][m[Kâ€™
[1.264s]   216 |   Connection [01;36m[KaddCallback[m[K(void(*callback)(P0, P1, P2, P3, P4, P5, P6, P7))
[1.264s]       |              [01;36m[K^~~~~~~~~~~[m[K
[1.264s] [01m[K/opt/ros/foxy/include/message_filters/signal9.h:216:14:[m[K [01;36m[Knote: [m[K  template argument deduction/substitution failed:
[1.264s] In file included from [01m[K/driverless/driverless_ws/src/planning/src/EKF_SLAM.cpp:6[m[K:
[1.264s] [01m[K/opt/ros/foxy/include/message_filters/synchronizer.h:304:43:[m[K [01;36m[Knote: [m[K  mismatched types â€˜[01m[Kvoid (*)(P0, P1, P2, P3, P4, P5, P6, P7)[m[Kâ€™ and â€˜[01m[Kvoid (SLAMValidation::*)(std::shared_ptr<eufs_msgs::msg::ConeArrayWithCovariance_<std::allocator<void> > >, std::shared_ptr<eufs_msgs::msg::CarState_<std::allocator<void> > >) const[m[Kâ€™
[1.265s]   304 |     return signal_.addCallback(callback, t[01;36m[K)[m[K;
[1.265s]       |                                           [01;36m[K^[m[K
[1.265s] In file included from [01m[K/opt/ros/foxy/include/message_filters/synchronizer.h:47[m[K,
[1.265s]                  from [01m[K/driverless/driverless_ws/src/planning/src/EKF_SLAM.cpp:6[m[K:
[1.265s] [01m[K/opt/ros/foxy/include/message_filters/signal9.h:222:14:[m[K [01;36m[Knote: [m[Kcandidate: â€˜[01m[Ktemplate<class P0, class P1, class P2, class P3, class P4, class P5, class P6, class P7, class P8> message_filters::Connection message_filters::Signal9<M0, M1, M2, M3, M4, M5, M6, M7, M8>::addCallback(void (*)(P0, P1, P2, P3, P4, P5, P6, P7, P8)) [with P0 = P0; P1 = P1; P2 = P2; P3 = P3; P4 = P4; P5 = P5; P6 = P6; P7 = P7; P8 = P8; M0 = eufs_msgs::msg::ConeArrayWithCovariance_<std::allocator<void> >; M1 = eufs_msgs::msg::CarState_<std::allocator<void> >; M2 = message_filters::NullType; M3 = message_filters::NullType; M4 = message_filters::NullType; M5 = message_filters::NullType; M6 = message_filters::NullType; M7 = message_filters::NullType; M8 = message_filters::NullType][m[Kâ€™
[1.265s]   222 |   Connection [01;36m[KaddCallback[m[K(void(*callback)(P0, P1, P2, P3, P4, P5, P6, P7, P8))
[1.265s]       |              [01;36m[K^~~~~~~~~~~[m[K
[1.265s] [01m[K/opt/ros/foxy/include/message_filters/signal9.h:222:14:[m[K [01;36m[Knote: [m[K  template argument deduction/substitution failed:
[1.265s] In file included from [01m[K/driverless/driverless_ws/src/planning/src/EKF_SLAM.cpp:6[m[K:
[1.265s] [01m[K/opt/ros/foxy/include/message_filters/synchronizer.h:304:43:[m[K [01;36m[Knote: [m[K  mismatched types â€˜[01m[Kvoid (*)(P0, P1, P2, P3, P4, P5, P6, P7, P8)[m[Kâ€™ and â€˜[01m[Kvoid (SLAMValidation::*)(std::shared_ptr<eufs_msgs::msg::ConeArrayWithCovariance_<std::allocator<void> > >, std::shared_ptr<eufs_msgs::msg::CarState_<std::allocator<void> > >) const[m[Kâ€™
[1.266s]   304 |     return signal_.addCallback(callback, t[01;36m[K)[m[K;
[1.266s]       |                                           [01;36m[K^[m[K
[1.266s] In file included from [01m[K/opt/ros/foxy/include/message_filters/synchronizer.h:47[m[K,
[1.266s]                  from [01m[K/driverless/driverless_ws/src/planning/src/EKF_SLAM.cpp:6[m[K:
[1.266s] [01m[K/opt/ros/foxy/include/message_filters/signal9.h:228:14:[m[K [01;36m[Knote: [m[Kcandidate: â€˜[01m[Ktemplate<class T, class P0, class P1> message_filters::Connection message_filters::Signal9<M0, M1, M2, M3, M4, M5, M6, M7, M8>::addCallback(void (T::*)(P0, P1), T*) [with T = T; P0 = P0; P1 = P1; M0 = eufs_msgs::msg::ConeArrayWithCovariance_<std::allocator<void> >; M1 = eufs_msgs::msg::CarState_<std::allocator<void> >; M2 = message_filters::NullType; M3 = message_filters::NullType; M4 = message_filters::NullType; M5 = message_filters::NullType; M6 = message_filters::NullType; M7 = message_filters::NullType; M8 = message_filters::NullType][m[Kâ€™
[1.266s]   228 |   Connection [01;36m[KaddCallback[m[K(void(T::*callback)(P0, P1), T* t)
[1.266s]       |              [01;36m[K^~~~~~~~~~~[m[K
[1.267s] [01m[K/opt/ros/foxy/include/message_filters/signal9.h:228:14:[m[K [01;36m[Knote: [m[K  template argument deduction/substitution failed:
[1.267s] In file included from [01m[K/driverless/driverless_ws/src/planning/src/EKF_SLAM.cpp:6[m[K:
[1.267s] [01m[K/opt/ros/foxy/include/message_filters/synchronizer.h:304:43:[m[K [01;36m[Knote: [m[K  types â€˜[01m[Kvoid (T::)(P0, P1)[m[Kâ€™ and â€˜[01m[Kvoid (SLAMValidation::)(std::shared_ptr<eufs_msgs::msg::ConeArrayWithCovariance_<std::allocator<void> > >, std::shared_ptr<eufs_msgs::msg::CarState_<std::allocator<void> > >) const[m[Kâ€™ have incompatible cv-qualifiers
[1.267s]   304 |     return signal_.addCallback(callback, t[01;36m[K)[m[K;
[1.267s]       |                                           [01;36m[K^[m[K
[1.267s] In file included from [01m[K/opt/ros/foxy/include/message_filters/synchronizer.h:47[m[K,
[1.267s]                  from [01m[K/driverless/driverless_ws/src/planning/src/EKF_SLAM.cpp:6[m[K:
[1.267s] [01m[K/opt/ros/foxy/include/message_filters/signal9.h:234:14:[m[K [01;36m[Knote: [m[Kcandidate: â€˜[01m[Ktemplate<class T, class P0, class P1, class P2> message_filters::Connection message_filters::Signal9<M0, M1, M2, M3, M4, M5, M6, M7, M8>::addCallback(void (T::*)(P0, P1, P2), T*) [with T = T; P0 = P0; P1 = P1; P2 = P2; M0 = eufs_msgs::msg::ConeArrayWithCovariance_<std::allocator<void> >; M1 = eufs_msgs::msg::CarState_<std::allocator<void> >; M2 = message_filters::NullType; M3 = message_filters::NullType; M4 = message_filters::NullType; M5 = message_filters::NullType; M6 = message_filters::NullType; M7 = message_filters::NullType; M8 = message_filters::NullType][m[Kâ€™
[1.267s]   234 |   Connection [01;36m[KaddCallback[m[K(void(T::*callback)(P0, P1, P2), T* t)
[1.267s]       |              [01;36m[K^~~~~~~~~~~[m[K
[1.267s] [01m[K/opt/ros/foxy/include/message_filters/signal9.h:234:14:[m[K [01;36m[Knote: [m[K  template argument deduction/substitution failed:
[1.268s] In file included from [01m[K/driverless/driverless_ws/src/planning/src/EKF_SLAM.cpp:6[m[K:
[1.268s] [01m[K/opt/ros/foxy/include/message_filters/synchronizer.h:304:43:[m[K [01;36m[Knote: [m[K  types â€˜[01m[Kvoid (T::)(P0, P1, P2)[m[Kâ€™ and â€˜[01m[Kvoid (SLAMValidation::)(std::shared_ptr<eufs_msgs::msg::ConeArrayWithCovariance_<std::allocator<void> > >, std::shared_ptr<eufs_msgs::msg::CarState_<std::allocator<void> > >) const[m[Kâ€™ have incompatible cv-qualifiers
[1.268s]   304 |     return signal_.addCallback(callback, t[01;36m[K)[m[K;
[1.268s]       |                                           [01;36m[K^[m[K
[1.268s] In file included from [01m[K/opt/ros/foxy/include/message_filters/synchronizer.h:47[m[K,
[1.268s]                  from [01m[K/driverless/driverless_ws/src/planning/src/EKF_SLAM.cpp:6[m[K:
[1.268s] [01m[K/opt/ros/foxy/include/message_filters/signal9.h:240:14:[m[K [01;36m[Knote: [m[Kcandidate: â€˜[01m[Ktemplate<class T, class P0, class P1, class P2, class P3> message_filters::Connection message_filters::Signal9<M0, M1, M2, M3, M4, M5, M6, M7, M8>::addCallback(void (T::*)(P0, P1, P2, P3), T*) [with T = T; P0 = P0; P1 = P1; P2 = P2; P3 = P3; M0 = eufs_msgs::msg::ConeArrayWithCovariance_<std::allocator<void> >; M1 = eufs_msgs::msg::CarState_<std::allocator<void> >; M2 = message_filters::NullType; M3 = message_filters::NullType; M4 = message_filters::NullType; M5 = message_filters::NullType; M6 = message_filters::NullType; M7 = message_filters::NullType; M8 = message_filters::NullType][m[Kâ€™
[1.269s]   240 |   Connection [01;36m[KaddCallback[m[K(void(T::*callback)(P0, P1, P2, P3), T* t)
[1.269s]       |              [01;36m[K^~~~~~~~~~~[m[K
[1.269s] [01m[K/opt/ros/foxy/include/message_filters/signal9.h:240:14:[m[K [01;36m[Knote: [m[K  template argument deduction/substitution failed:
[1.269s] In file included from [01m[K/driverless/driverless_ws/src/planning/src/EKF_SLAM.cpp:6[m[K:
[1.269s] [01m[K/opt/ros/foxy/include/message_filters/synchronizer.h:304:43:[m[K [01;36m[Knote: [m[K  types â€˜[01m[Kvoid (T::)(P0, P1, P2, P3)[m[Kâ€™ and â€˜[01m[Kvoid (SLAMValidation::)(std::shared_ptr<eufs_msgs::msg::ConeArrayWithCovariance_<std::allocator<void> > >, std::shared_ptr<eufs_msgs::msg::CarState_<std::allocator<void> > >) const[m[Kâ€™ have incompatible cv-qualifiers
[1.269s]   304 |     return signal_.addCallback(callback, t[01;36m[K)[m[K;
[1.269s]       |                                           [01;36m[K^[m[K
[1.269s] In file included from [01m[K/opt/ros/foxy/include/message_filters/synchronizer.h:47[m[K,
[1.269s]                  from [01m[K/driverless/driverless_ws/src/planning/src/EKF_SLAM.cpp:6[m[K:
[1.269s] [01m[K/opt/ros/foxy/include/message_filters/signal9.h:246:14:[m[K [01;36m[Knote: [m[Kcandidate: â€˜[01m[Ktemplate<class T, class P0, class P1, class P2, class P3, class P4> message_filters::Connection message_filters::Signal9<M0, M1, M2, M3, M4, M5, M6, M7, M8>::addCallback(void (T::*)(P0, P1, P2, P3, P4), T*) [with T = T; P0 = P0; P1 = P1; P2 = P2; P3 = P3; P4 = P4; M0 = eufs_msgs::msg::ConeArrayWithCovariance_<std::allocator<void> >; M1 = eufs_msgs::msg::CarState_<std::allocator<void> >; M2 = message_filters::NullType; M3 = message_filters::NullType; M4 = message_filters::NullType; M5 = message_filters::NullType; M6 = message_filters::NullType; M7 = message_filters::NullType; M8 = message_filters::NullType][m[Kâ€™
[1.270s]   246 |   Connection [01;36m[KaddCallback[m[K(void(T::*callback)(P0, P1, P2, P3, P4), T* t)
[1.270s]       |              [01;36m[K^~~~~~~~~~~[m[K
[1.270s] [01m[K/opt/ros/foxy/include/message_filters/signal9.h:246:14:[m[K [01;36m[Knote: [m[K  template argument deduction/substitution failed:
[1.270s] In file included from [01m[K/driverless/driverless_ws/src/planning/src/EKF_SLAM.cpp:6[m[K:
[1.270s] [01m[K/opt/ros/foxy/include/message_filters/synchronizer.h:304:43:[m[K [01;36m[Knote: [m[K  types â€˜[01m[Kvoid (T::)(P0, P1, P2, P3, P4)[m[Kâ€™ and â€˜[01m[Kvoid (SLAMValidation::)(std::shared_ptr<eufs_msgs::msg::ConeArrayWithCovariance_<std::allocator<void> > >, std::shared_ptr<eufs_msgs::msg::CarState_<std::allocator<void> > >) const[m[Kâ€™ have incompatible cv-qualifiers
[1.270s]   304 |     return signal_.addCallback(callback, t[01;36m[K)[m[K;
[1.270s]       |                                           [01;36m[K^[m[K
[1.270s] In file included from [01m[K/opt/ros/foxy/include/message_filters/synchronizer.h:47[m[K,
[1.270s]                  from [01m[K/driverless/driverless_ws/src/planning/src/EKF_SLAM.cpp:6[m[K:
[1.270s] [01m[K/opt/ros/foxy/include/message_filters/signal9.h:252:14:[m[K [01;36m[Knote: [m[Kcandidate: â€˜[01m[Ktemplate<class T, class P0, class P1, class P2, class P3, class P4, class P5> message_filters::Connection message_filters::Signal9<M0, M1, M2, M3, M4, M5, M6, M7, M8>::addCallback(void (T::*)(P0, P1, P2, P3, P4, P5), T*) [with T = T; P0 = P0; P1 = P1; P2 = P2; P3 = P3; P4 = P4; P5 = P5; M0 = eufs_msgs::msg::ConeArrayWithCovariance_<std::allocator<void> >; M1 = eufs_msgs::msg::CarState_<std::allocator<void> >; M2 = message_filters::NullType; M3 = message_filters::NullType; M4 = message_filters::NullType; M5 = message_filters::NullType; M6 = message_filters::NullType; M7 = message_filters::NullType; M8 = message_filters::NullType][m[Kâ€™
[1.270s]   252 |   Connection [01;36m[KaddCallback[m[K(void(T::*callback)(P0, P1, P2, P3, P4, P5), T* t)
[1.270s]       |              [01;36m[K^~~~~~~~~~~[m[K
[1.271s] [01m[K/opt/ros/foxy/include/message_filters/signal9.h:252:14:[m[K [01;36m[Knote: [m[K  template argument deduction/substitution failed:
[1.271s] In file included from [01m[K/driverless/driverless_ws/src/planning/src/EKF_SLAM.cpp:6[m[K:
[1.271s] [01m[K/opt/ros/foxy/include/message_filters/synchronizer.h:304:43:[m[K [01;36m[Knote: [m[K  types â€˜[01m[Kvoid (T::)(P0, P1, P2, P3, P4, P5)[m[Kâ€™ and â€˜[01m[Kvoid (SLAMValidation::)(std::shared_ptr<eufs_msgs::msg::ConeArrayWithCovariance_<std::allocator<void> > >, std::shared_ptr<eufs_msgs::msg::CarState_<std::allocator<void> > >) const[m[Kâ€™ have incompatible cv-qualifiers
[1.271s]   304 |     return signal_.addCallback(callback, t[01;36m[K)[m[K;
[1.271s]       |                                           [01;36m[K^[m[K
[1.271s] In file included from [01m[K/opt/ros/foxy/include/message_filters/synchronizer.h:47[m[K,
[1.271s]                  from [01m[K/driverless/driverless_ws/src/planning/src/EKF_SLAM.cpp:6[m[K:
[1.271s] [01m[K/opt/ros/foxy/include/message_filters/signal9.h:258:14:[m[K [01;36m[Knote: [m[Kcandidate: â€˜[01m[Ktemplate<class T, class P0, class P1, class P2, class P3, class P4, class P5, class P6> message_filters::Connection message_filters::Signal9<M0, M1, M2, M3, M4, M5, M6, M7, M8>::addCallback(void (T::*)(P0, P1, P2, P3, P4, P5, P6), T*) [with T = T; P0 = P0; P1 = P1; P2 = P2; P3 = P3; P4 = P4; P5 = P5; P6 = P6; M0 = eufs_msgs::msg::ConeArrayWithCovariance_<std::allocator<void> >; M1 = eufs_msgs::msg::CarState_<std::allocator<void> >; M2 = message_filters::NullType; M3 = message_filters::NullType; M4 = message_filters::NullType; M5 = message_filters::NullType; M6 = message_filters::NullType; M7 = message_filters::NullType; M8 = message_filters::NullType][m[Kâ€™
[1.271s]   258 |   Connection [01;36m[KaddCallback[m[K(void(T::*callback)(P0, P1, P2, P3, P4, P5, P6), T* t)
[1.271s]       |              [01;36m[K^~~~~~~~~~~[m[K
[1.271s] [01m[K/opt/ros/foxy/include/message_filters/signal9.h:258:14:[m[K [01;36m[Knote: [m[K  template argument deduction/substitution failed:
[1.271s] In file included from [01m[K/driverless/driverless_ws/src/planning/src/EKF_SLAM.cpp:6[m[K:
[1.272s] [01m[K/opt/ros/foxy/include/message_filters/synchronizer.h:304:43:[m[K [01;36m[Knote: [m[K  types â€˜[01m[Kvoid (T::)(P0, P1, P2, P3, P4, P5, P6)[m[Kâ€™ and â€˜[01m[Kvoid (SLAMValidation::)(std::shared_ptr<eufs_msgs::msg::ConeArrayWithCovariance_<std::allocator<void> > >, std::shared_ptr<eufs_msgs::msg::CarState_<std::allocator<void> > >) const[m[Kâ€™ have incompatible cv-qualifiers
[1.272s]   304 |     return signal_.addCallback(callback, t[01;36m[K)[m[K;
[1.272s]       |                                           [01;36m[K^[m[K
[1.272s] In file included from [01m[K/opt/ros/foxy/include/message_filters/synchronizer.h:47[m[K,
[1.272s]                  from [01m[K/driverless/driverless_ws/src/planning/src/EKF_SLAM.cpp:6[m[K:
[1.272s] [01m[K/opt/ros/foxy/include/message_filters/signal9.h:264:14:[m[K [01;36m[Knote: [m[Kcandidate: â€˜[01m[Ktemplate<class T, class P0, class P1, class P2, class P3, class P4, class P5, class P6, class P7> message_filters::Connection message_filters::Signal9<M0, M1, M2, M3, M4, M5, M6, M7, M8>::addCallback(void (T::*)(P0, P1, P2, P3, P4, P5, P6, P7), T*) [with T = T; P0 = P0; P1 = P1; P2 = P2; P3 = P3; P4 = P4; P5 = P5; P6 = P6; P7 = P7; M0 = eufs_msgs::msg::ConeArrayWithCovariance_<std::allocator<void> >; M1 = eufs_msgs::msg::CarState_<std::allocator<void> >; M2 = message_filters::NullType; M3 = message_filters::NullType; M4 = message_filters::NullType; M5 = message_filters::NullType; M6 = message_filters::NullType; M7 = message_filters::NullType; M8 = message_filters::NullType][m[Kâ€™
[1.272s]   264 |   Connection [01;36m[KaddCallback[m[K(void(T::*callback)(P0, P1, P2, P3, P4, P5, P6, P7), T* t)
[1.272s]       |              [01;36m[K^~~~~~~~~~~[m[K
[1.272s] [01m[K/opt/ros/foxy/include/message_filters/signal9.h:264:14:[m[K [01;36m[Knote: [m[K  template argument deduction/substitution failed:
[1.273s] In file included from [01m[K/driverless/driverless_ws/src/planning/src/EKF_SLAM.cpp:6[m[K:
[1.273s] [01m[K/opt/ros/foxy/include/message_filters/synchronizer.h:304:43:[m[K [01;36m[Knote: [m[K  types â€˜[01m[Kvoid (T::)(P0, P1, P2, P3, P4, P5, P6, P7)[m[Kâ€™ and â€˜[01m[Kvoid (SLAMValidation::)(std::shared_ptr<eufs_msgs::msg::ConeArrayWithCovariance_<std::allocator<void> > >, std::shared_ptr<eufs_msgs::msg::CarState_<std::allocator<void> > >) const[m[Kâ€™ have incompatible cv-qualifiers
[1.273s]   304 |     return signal_.addCallback(callback, t[01;36m[K)[m[K;
[1.273s]       |                                           [01;36m[K^[m[K
[1.273s] In file included from [01m[K/opt/ros/foxy/include/message_filters/synchronizer.h:47[m[K,
[1.273s]                  from [01m[K/driverless/driverless_ws/src/planning/src/EKF_SLAM.cpp:6[m[K:
[1.273s] [01m[K/opt/ros/foxy/include/message_filters/signal9.h:270:14:[m[K [01;36m[Knote: [m[Kcandidate: â€˜[01m[Ktemplate<class C> message_filters::Connection message_filters::Signal9<M0, M1, M2, M3, M4, M5, M6, M7, M8>::addCallback(C&) [with C = C; M0 = eufs_msgs::msg::ConeArrayWithCovariance_<std::allocator<void> >; M1 = eufs_msgs::msg::CarState_<std::allocator<void> >; M2 = message_filters::NullType; M3 = message_filters::NullType; M4 = message_filters::NullType; M5 = message_filters::NullType; M6 = message_filters::NullType; M7 = message_filters::NullType; M8 = message_filters::NullType][m[Kâ€™
[1.273s]   270 |   Connection [01;36m[KaddCallback[m[K( C& callback)
[1.273s]       |              [01;36m[K^~~~~~~~~~~[m[K
[1.273s] [01m[K/opt/ros/foxy/include/message_filters/signal9.h:270:14:[m[K [01;36m[Knote: [m[K  template argument deduction/substitution failed:
[1.274s] In file included from [01m[K/driverless/driverless_ws/src/planning/src/EKF_SLAM.cpp:6[m[K:
[1.274s] [01m[K/opt/ros/foxy/include/message_filters/synchronizer.h:304:43:[m[K [01;36m[Knote: [m[K  candidate expects 1 argument, 2 provided
[1.274s]   304 |     return signal_.addCallback(callback, t[01;36m[K)[m[K;
[1.274s]       |                                           [01;36m[K^[m[K
[2.645s] make[2]: *** [CMakeFiles/slam_test.dir/build.make:63: CMakeFiles/slam_test.dir/src/EKF_SLAM.cpp.o] Error 1
[2.645s] make[1]: *** [CMakeFiles/Makefile2:78: CMakeFiles/slam_test.dir/all] Error 2
[2.646s] make: *** [Makefile:141: all] Error 2
[2.648s] Invoked command in '/driverless/driverless_ws/build/planning' returned '2': AMENT_PREFIX_PATH=/driverless/driverless_ws/install/eufs_msgs:${AMENT_PREFIX_PATH} CMAKE_PREFIX_PATH=/driverless/driverless_ws/install/eufs_msgs:/opt/ros/foxy LD_LIBRARY_PATH=/driverless/driverless_ws/install/eufs_msgs/lib:${LD_LIBRARY_PATH} PYTHONPATH=/driverless/driverless_ws/install/eufs_msgs/lib/python3.8/site-packages:${PYTHONPATH} /usr/bin/cmake --build /driverless/driverless_ws/build/planning -- -j8 -l8
