<?xml version="1.0" encoding="UTF-8"?>
<Site BuildName="(empty)"
	BuildStamp="20230609-0016-Experimental"
	Name="ankit-XPS-13-9310"
	Generator="ctest-3.16.3"
	CompilerName="/usr/bin/clang++"
	CompilerVersion="10.0.0"
	OSName="Linux"
	Hostname="ankit-XPS-13-9310"
	OSRelease="5.15.0-72-generic"
	OSVersion="#79~20.04.1-Ubuntu SMP Thu Apr 20 22:12:07 UTC 2023"
	OSPlatform="x86_64"
	Is64Bits="1"
	VendorString="GenuineIntel"
	VendorID="Intel Corporation"
	FamilyID="6"
	ModelID="140"
	ProcessorCacheSize="12288"
	NumberOfLogicalCPU="8"
	NumberOfPhysicalCPU="4"
	TotalVirtualMemory="2047"
	TotalPhysicalMemory="15709"
	LogicalProcessorsPerPhysical="2"
	ProcessorClockFrequency="3856.8"
	>
	<Testing>
		<StartDateTime>Jun 08 17:16 PDT</StartDateTime>
		<StartTestTime>1686269788</StartTestTime>
		<TestList/>
		<EndDateTime>Jun 08 17:16 PDT</EndDateTime>
		<EndTestTime>1686269788</EndTestTime>
		<ElapsedMinutes>0</ElapsedMinutes>
	</Testing>
</Site>
