[0.000000] (-) TimerEvent: {}
[0.000284] (-) JobUnselected: {'identifier': 'actuators'}
[0.000644] (-) JobUnselected: {'identifier': 'collection'}
[0.001319] (-) JobUnselected: {'identifier': 'common'}
[0.001369] (-) JobUnselected: {'identifier': 'controls'}
[0.001385] (-) JobUnselected: {'identifier': 'perceptions'}
[0.001399] (-) JobUnselected: {'identifier': 'planning'}
[0.001418] (interfaces) JobQueued: {'identifier': 'interfaces', 'dependencies': OrderedDict()}
[0.001453] (interfaces) JobStarted: {'identifier': 'interfaces'}
[0.017092] (interfaces) JobProgress: {'identifier': 'interfaces', 'progress': 'cmake'}
[0.017470] (interfaces) Command: {'cmd': ['/usr/bin/cmake', '/home/ishin/Documents/cmr/driverless_py/driverless/driverless_ws/src/interfaces', '-DCMAKE_INSTALL_PREFIX=/home/ishin/Documents/cmr/driverless_py/driverless/driverless_ws/src/install/interfaces'], 'cwd': '/home/ishin/Documents/cmr/driverless_py/driverless/driverless_ws/src/build/interfaces', 'env': OrderedDict([('SHELL', '/usr/bin/zsh'), ('ROS_VERSION', '2'), ('LSCOLORS', 'Gxfxcxdxbxegedabagacad'), ('SESSION_MANAGER', 'local/ishin-82ht:@/tmp/.ICE-unix/1734,unix/ishin-82ht:/tmp/.ICE-unix/1734'), ('USER_ZDOTDIR', '/home/ishin'), ('COLORTERM', 'truecolor'), ('XDG_CONFIG_DIRS', '/home/ishin/.config/kdedefaults:/etc/xdg:/usr/share/manjaro-kde-settings/xdg'), ('LESS', '-R'), ('XDG_SESSION_PATH', '/org/freedesktop/DisplayManager/Session1'), ('TERM_PROGRAM_VERSION', '1.80.1'), ('PKG_CONFIG_PATH', '/opt/ros/iron/lib/pkgconfig'), ('ROS_PYTHON_VERSION', '3'), ('LC_ADDRESS', 'en_US.UTF-8'), ('LC_NAME', 'en_US.UTF-8'), ('DESKTOP_SESSION', 'plasma'), ('LC_MONETARY', 'en_US.UTF-8'), ('GTK_RC_FILES', '/etc/gtk/gtkrc:/home/ishin/.gtkrc:/home/ishin/.config/gtkrc'), ('NO_AT_BRIDGE', '1'), ('XCURSOR_SIZE', '24'), ('GTK_MODULES', 'canberra-gtk-module'), ('XDG_SEAT', 'seat0'), ('PWD', '/home/ishin/Documents/cmr/driverless_py/driverless/driverless_ws/src/build/interfaces'), ('XDG_SESSION_DESKTOP', 'KDE'), ('LOGNAME', 'ishin'), ('XDG_SESSION_TYPE', 'x11'), ('SYSTEMD_EXEC_PID', '1806'), ('XAUTHORITY', '/tmp/xauth_NiRVgb'), ('VSCODE_GIT_ASKPASS_NODE', '/opt/visual-studio-code/code'), ('MOTD_SHOWN', 'pam'), ('VSCODE_INJECTION', '1'), ('GTK2_RC_FILES', '/etc/gtk-2.0/gtkrc:/home/ishin/.gtkrc-2.0:/home/ishin/.config/gtkrc-2.0'), ('HOME', '/home/ishin'), ('LC_PAPER', 'en_US.UTF-8'), ('LANG', 'en_US.UTF-8'), ('LS_COLORS', 'rs=0:di=01;34:ln=01;36:mh=00:pi=40;33:so=01;35:do=01;35:bd=40;33;01:cd=40;33;01:or=40;31;01:mi=00:su=37;41:sg=30;43:ca=00:tw=30;42:ow=34;42:st=37;44:ex=01;32:*.tar=01;31:*.tgz=01;31:*.arc=01;31:*.arj=01;31:*.taz=01;31:*.lha=01;31:*.lz4=01;31:*.lzh=01;31:*.lzma=01;31:*.tlz=01;31:*.txz=01;31:*.tzo=01;31:*.t7z=01;31:*.zip=01;31:*.z=01;31:*.dz=01;31:*.gz=01;31:*.lrz=01;31:*.lz=01;31:*.lzo=01;31:*.xz=01;31:*.zst=01;31:*.tzst=01;31:*.bz2=01;31:*.bz=01;31:*.tbz=01;31:*.tbz2=01;31:*.tz=01;31:*.deb=01;31:*.rpm=01;31:*.jar=01;31:*.war=01;31:*.ear=01;31:*.sar=01;31:*.rar=01;31:*.alz=01;31:*.ace=01;31:*.zoo=01;31:*.cpio=01;31:*.7z=01;31:*.rz=01;31:*.cab=01;31:*.wim=01;31:*.swm=01;31:*.dwm=01;31:*.esd=01;31:*.avif=01;35:*.jpg=01;35:*.jpeg=01;35:*.mjpg=01;35:*.mjpeg=01;35:*.gif=01;35:*.bmp=01;35:*.pbm=01;35:*.pgm=01;35:*.ppm=01;35:*.tga=01;35:*.xbm=01;35:*.xpm=01;35:*.tif=01;35:*.tiff=01;35:*.png=01;35:*.svg=01;35:*.svgz=01;35:*.mng=01;35:*.pcx=01;35:*.mov=01;35:*.mpg=01;35:*.mpeg=01;35:*.m2v=01;35:*.mkv=01;35:*.webm=01;35:*.webp=01;35:*.ogm=01;35:*.mp4=01;35:*.m4v=01;35:*.mp4v=01;35:*.vob=01;35:*.qt=01;35:*.nuv=01;35:*.wmv=01;35:*.asf=01;35:*.rm=01;35:*.rmvb=01;35:*.flc=01;35:*.avi=01;35:*.fli=01;35:*.flv=01;35:*.gl=01;35:*.dl=01;35:*.xcf=01;35:*.xwd=01;35:*.yuv=01;35:*.cgm=01;35:*.emf=01;35:*.ogv=01;35:*.ogx=01;35:*.aac=00;36:*.au=00;36:*.flac=00;36:*.m4a=00;36:*.mid=00;36:*.midi=00;36:*.mka=00;36:*.mp3=00;36:*.mpc=00;36:*.ogg=00;36:*.ra=00;36:*.wav=00;36:*.oga=00;36:*.opus=00;36:*.spx=00;36:*.xspf=00;36:*~=00;90:*#=00;90:*.bak=00;90:*.old=00;90:*.orig=00;90:*.part=00;90:*.rej=00;90:*.swp=00;90:*.tmp=00;90:*.dpkg-dist=00;90:*.dpkg-old=00;90:*.ucf-dist=00;90:*.ucf-new=00;90:*.ucf-old=00;90:*.rpmnew=00;90:*.rpmorig=00;90:*.rpmsave=00;90:'), ('XDG_CURRENT_DESKTOP', 'KDE'), ('VIRTUAL_ENV', '/home/ishin/Documents/cmr/driverless_py'), ('STARSHIP_SHELL', 'zsh'), ('AMENT_PREFIX_PATH', '/opt/ros/iron'), ('GIT_ASKPASS', '/opt/visual-studio-code/resources/app/extensions/git/dist/askpass.sh'), ('CMAKE_PREFIX_PATH', '/opt/ros/iron'), ('XDG_SEAT_PATH', '/org/freedesktop/DisplayManager/Seat0'), ('ROS_AUTOMATIC_DISCOVERY_RANGE', 'SUBNET'), ('COLCON_PREFIX_PATH', '/opt/ros/iron'), ('INVOCATION_ID', '255ad59d6dd6484ea58682c56fa53b1b'), ('MANAGERPID', '1641'), ('CHROME_DESKTOP', 'code-url-handler.desktop'), ('STARSHIP_SESSION_KEY', '2000268061566728'), ('KDE_SESSION_UID', '1000'), ('VSCODE_GIT_ASKPASS_EXTRA_ARGS', '--ms-enable-electron-run-as-node'), ('XDG_SESSION_CLASS', 'user'), ('PYTHONPATH', '/home/ishin/.cache/yay/ros2-iron/src/install/lib/python3.11/dist-packages:/opt/ros/iron/lib/python3.11/site-packages:~/Documents/cmr/cmr-fsdv/'), ('COLCON', '1'), ('TERM', 'xterm-256color'), ('LC_IDENTIFICATION', 'en_US.UTF-8'), ('ZSH', '/home/ishin/.oh-my-zsh'), ('GUROBI_HOME', '/opt/gurobi1001/linux64'), ('ZDOTDIR', '/home/ishin'), ('USER', 'ishin'), ('VSCODE_GIT_IPC_HANDLE', '/run/user/1000/vscode-git-83d928927e.sock'), ('KDE_SESSION_VERSION', '5'), ('PAM_KWALLET5_LOGIN', '/run/user/1000/kwallet5.socket'), ('DISPLAY', ':0'), ('SHLVL', '2'), ('PAGER', 'less'), ('LC_TELEPHONE', 'en_US.UTF-8'), ('LC_MEASUREMENT', 'en_US.UTF-8'), ('XDG_VTNR', '2'), ('XDG_SESSION_ID', '2'), ('QT_LINUX_ACCESSIBILITY_ALWAYS_ON', '1'), ('LD_LIBRARY_PATH', '/opt/ros/iron/opt/yaml_cpp_vendor/lib:/opt/ros/iron/opt/rviz_ogre_vendor/lib:/opt/ros/iron/lib::/opt/gurobi1001/linux64/lib'), ('XDG_RUNTIME_DIR', '/run/user/1000'), ('DEBUGINFOD_URLS', 'https://debuginfod.archlinux.org'), ('LC_TIME', 'en_US.UTF-8'), ('VSCODE_GIT_ASKPASS_MAIN', '/opt/visual-studio-code/resources/app/extensions/git/dist/askpass-main.js'), ('QT_AUTO_SCREEN_SCALE_FACTOR', '0'), ('JOURNAL_STREAM', '8:28330'), ('XCURSOR_THEME', 'breeze_cursors'), ('GTK3_MODULES', 'xapp-gtk3-module'), ('XDG_DATA_DIRS', '/home/ishin/.local/share/flatpak/exports/share:/var/lib/flatpak/exports/share:/usr/local/share:/usr/share'), ('GDK_BACKEND', 'x11'), ('KDE_FULL_SESSION', 'true'), ('PATH', '/opt/ros/iron/bin:/home/ishin/Documents/cmr/driverless_py/bin:/home/ishin/.emacs.d/bin:/home/ishin/.local/bin:/usr/local/sbin:/usr/local/bin:/usr/bin:/usr/bin/site_perl:/usr/bin/vendor_perl:/usr/bin/core_perl:/usr/local/bin:/opt/gurobi1001/linux64/bin'), ('ORIGINAL_XDG_CURRENT_DESKTOP', 'KDE'), ('DBUS_SESSION_BUS_ADDRESS', 'unix:path=/run/user/1000/bus'), ('KDE_APPLICATIONS_AS_SCOPE', '1'), ('MAIL', '/var/spool/mail/ishin'), ('ROS_DISTRO', 'iron'), ('LC_NUMERIC', 'en_US.UTF-8'), ('OLDPWD', '/home/ishin/Documents/cmr/driverless_py/driverless/driverless_ws/src/interfaces'), ('TERM_PROGRAM', 'vscode'), ('_', '/usr/bin/env')]), 'shell': False}
[0.028433] (interfaces) StdoutLine: {'line': b'-- Found ament_cmake: 2.0.2 (/opt/ros/iron/share/ament_cmake/cmake)\n'}
[0.099826] (-) TimerEvent: {}
[0.105002] (interfaces) StdoutLine: {'line': b'-- Found ament_lint_auto: 0.14.1 (/opt/ros/iron/share/ament_lint_auto/cmake)\n'}
[0.168726] (interfaces) StdoutLine: {'line': b'-- Found geometry_msgs: 5.0.0 (/opt/ros/iron/share/geometry_msgs/cmake)\n'}
[0.187443] (interfaces) StdoutLine: {'line': b'-- Found rosidl_generator_c: 4.0.0 (/opt/ros/iron/share/rosidl_generator_c/cmake)\n'}
[0.193353] (interfaces) StdoutLine: {'line': b'-- Found rosidl_generator_cpp: 4.0.0 (/opt/ros/iron/share/rosidl_generator_cpp/cmake)\n'}
[0.199989] (-) TimerEvent: {}
[0.201226] (interfaces) StdoutLine: {'line': b'-- Using all available rosidl_typesupport_c: rosidl_typesupport_fastrtps_c;rosidl_typesupport_introspection_c\n'}
[0.213783] (interfaces) StdoutLine: {'line': b'-- Using all available rosidl_typesupport_cpp: rosidl_typesupport_fastrtps_cpp;rosidl_typesupport_introspection_cpp\n'}
[0.279319] (interfaces) StdoutLine: {'line': b'-- Found rosidl_default_generators: 1.5.0 (/opt/ros/iron/share/rosidl_default_generators/cmake)\n'}
[0.283781] (interfaces) StdoutLine: {'line': b'-- Found rosidl_adapter: 4.0.0 (/opt/ros/iron/share/rosidl_adapter/cmake)\n'}
[0.300083] (-) TimerEvent: {}
[0.330580] (interfaces) StderrLine: {'line': b'\x1b[31mCMake Error at /opt/ros/iron/share/rosidl_adapter/cmake/rosidl_adapt_interfaces.cmake:57 (message):\n'}
[0.330706] (interfaces) StderrLine: {'line': b'  execute_process(/home/ishin/Documents/cmr/driverless_py/bin/python3.11 -m\n'}
[0.330755] (interfaces) StderrLine: {'line': b'  rosidl_adapter --package-name interfaces --arguments-file\n'}
[0.330811] (interfaces) StderrLine: {'line': b'  /home/ishin/Documents/cmr/driverless_py/driverless/driverless_ws/src/build/interfaces/rosidl_adapter__arguments__interfaces.json\n'}
[0.330845] (interfaces) StderrLine: {'line': b'  --output-dir\n'}
[0.330876] (interfaces) StderrLine: {'line': b'  /home/ishin/Documents/cmr/driverless_py/driverless/driverless_ws/src/build/interfaces/rosidl_adapter/interfaces\n'}
[0.330906] (interfaces) StderrLine: {'line': b'  --output-file\n'}
[0.330935] (interfaces) StderrLine: {'line': b'  /home/ishin/Documents/cmr/driverless_py/driverless/driverless_ws/src/build/interfaces/rosidl_adapter/interfaces.idls)\n'}
[0.330963] (interfaces) StderrLine: {'line': b'  returned error code 1:\n'}
[0.330993] (interfaces) StderrLine: {'line': b'\n'}
[0.331022] (interfaces) StderrLine: {'line': b"  AttributeError processing template 'msg.idl.em'\n"}
[0.331051] (interfaces) StderrLine: {'line': b'\n'}
[0.331082] (interfaces) StderrLine: {'line': b'  Traceback (most recent call last):\n'}
[0.331111] (interfaces) StderrLine: {'line': b'\n'}
[0.331139] (interfaces) StderrLine: {'line': b'    File "/opt/ros/iron/lib/python3.11/site-packages/rosidl_adapter/resource/__init__.py", line 48, in evaluate_template\n'}
[0.331168] (interfaces) StderrLine: {'line': b'      _interpreter = em.Interpreter(\n'}
[0.331205] (interfaces) StderrLine: {'line': b'                     ^^^^^^^^^^^^^^\n'}
[0.331239] (interfaces) StderrLine: {'line': b'\n'}
[0.331267] (interfaces) StderrLine: {'line': b"  AttributeError: module 'em' has no attribute 'Interpreter'\n"}
[0.331295] (interfaces) StderrLine: {'line': b'\n'}
[0.331323] (interfaces) StderrLine: {'line': b'\n'}
[0.331351] (interfaces) StderrLine: {'line': b'\n'}
[0.331379] (interfaces) StderrLine: {'line': b'  During handling of the above exception, another exception occurred:\n'}
[0.331407] (interfaces) StderrLine: {'line': b'\n'}
[0.331447] (interfaces) StderrLine: {'line': b'\n'}
[0.331490] (interfaces) StderrLine: {'line': b'\n'}
[0.331519] (interfaces) StderrLine: {'line': b'  Traceback (most recent call last):\n'}
[0.331548] (interfaces) StderrLine: {'line': b'\n'}
[0.331576] (interfaces) StderrLine: {'line': b'    File "<frozen runpy>", line 198, in _run_module_as_main\n'}
[0.331604] (interfaces) StderrLine: {'line': b'    File "<frozen runpy>", line 88, in _run_code\n'}
[0.331632] (interfaces) StderrLine: {'line': b'    File "/opt/ros/iron/lib/python3.11/site-packages/rosidl_adapter/__main__.py", line 19, in <module>\n'}
[0.331661] (interfaces) StderrLine: {'line': b'      sys.exit(main())\n'}
[0.331689] (interfaces) StderrLine: {'line': b'               ^^^^^^\n'}
[0.331717] (interfaces) StderrLine: {'line': b'    File "/opt/ros/iron/lib/python3.11/site-packages/rosidl_adapter/main.py", line 53, in main\n'}
[0.331745] (interfaces) StderrLine: {'line': b'      abs_idl_file = convert_to_idl(\n'}
[0.331773] (interfaces) StderrLine: {'line': b'                     ^^^^^^^^^^^^^^^\n'}
[0.331800] (interfaces) StderrLine: {'line': b'    File "/opt/ros/iron/lib/python3.11/site-packages/rosidl_adapter/__init__.py", line 19, in convert_to_idl\n'}
[0.331828] (interfaces) StderrLine: {'line': b'      return convert_msg_to_idl(\n'}
[0.331856] (interfaces) StderrLine: {'line': b'             ^^^^^^^^^^^^^^^^^^^\n'}
[0.331883] (interfaces) StderrLine: {'line': b'    File "/opt/ros/iron/lib/python3.11/site-packages/rosidl_adapter/msg/__init__.py", line 39, in convert_msg_to_idl\n'}
[0.331911] (interfaces) StderrLine: {'line': b"      expand_template('msg.idl.em', data, output_file, encoding='iso-8859-1')\n"}
[0.331944] (interfaces) StderrLine: {'line': b'    File "/opt/ros/iron/lib/python3.11/site-packages/rosidl_adapter/resource/__init__.py", line 23, in expand_template\n'}
[0.331978] (interfaces) StderrLine: {'line': b'      content = evaluate_template(template_name, data)\n'}
[0.332018] (interfaces) StderrLine: {'line': b'                ^^^^^^^^^^^^^^^^^^^^^^^^^^^^^^^^^^^^^^\n'}
[0.332051] (interfaces) StderrLine: {'line': b'    File "/opt/ros/iron/lib/python3.11/site-packages/rosidl_adapter/resource/__init__.py", line 69, in evaluate_template\n'}
[0.332084] (interfaces) StderrLine: {'line': b'      _interpreter.shutdown()\n'}
[0.332112] (interfaces) StderrLine: {'line': b'      ^^^^^^^^^^^^^^^^^^^^^\n'}
[0.332140] (interfaces) StderrLine: {'line': b'\n'}
[0.332168] (interfaces) StderrLine: {'line': b"  AttributeError: 'NoneType' object has no attribute 'shutdown'\n"}
[0.332218] (interfaces) StderrLine: {'line': b'\n'}
[0.332247] (interfaces) StderrLine: {'line': b'Call Stack (most recent call first):\n'}
[0.332275] (interfaces) StderrLine: {'line': b'  /opt/ros/iron/share/rosidl_cmake/cmake/rosidl_generate_interfaces.cmake:132 (rosidl_adapt_interfaces)\n'}
[0.332306] (interfaces) StderrLine: {'line': b'  CMakeLists.txt:28 (rosidl_generate_interfaces)\n'}
[0.332335] (interfaces) StderrLine: {'line': b'\n'}
[0.332363] (interfaces) StderrLine: {'line': b'\x1b[0m\n'}
[0.332391] (interfaces) StdoutLine: {'line': b'-- Configuring incomplete, errors occurred!\n'}
[0.336691] (interfaces) CommandEnded: {'returncode': 1}
[0.356280] (interfaces) JobEnded: {'identifier': 'interfaces', 'rc': 1}
[0.366718] (-) EventReactorShutdown: {}
