[35m[1mScanning dependencies of target slam_test[0m
[ 50%] [32mBuilding CXX object CMakeFiles/slam_test.dir/src/EKF_SLAM.cpp.o[0m
[01m[K/home/andrewwhong/workspace/driverless/driverless_ws/src/planning/src/EKF_SLAM.cpp:[m[K In member function â€˜[01m[Kvoid SLAMValidation::topic_callback(const ConstSharedPtr&, const ConstSharedPtr&) const[m[Kâ€™:
[01m[K/home/andrewwhong/workspace/driverless/driverless_ws/src/planning/src/EKF_SLAM.cpp:62:5:[m[K [01;31m[Kerror: [m[Kcontinue statement not within a loop
   62 |     [01;31m[Kcontinue[m[K;
      |     [01;31m[K^~~~~~~~[m[K
[01m[K/home/andrewwhong/workspace/driverless/driverless_ws/src/planning/src/EKF_SLAM.cpp:59:88:[m[K [01;35m[Kwarning: [m[Kunused parameter â€˜[01m[Ktmp_1[m[Kâ€™ [[01;35m[K-Wunused-parameter[m[K]
   59 |     void topic_callback([01;35m[Kconst eufs_msgs::msg::ConeArrayWithCovariance::ConstSharedPtr& tmp_1[m[K,
      |                         [01;35m[K~~~~~~~~~~~~~~~~~~~~~~~~~~~~~~~~~~~~~~~~~~~~~~~~~~~~~~~~~~~~~~~^~~~~[m[K
[01m[K/home/andrewwhong/workspace/driverless/driverless_ws/src/planning/src/EKF_SLAM.cpp:60:73:[m[K [01;35m[Kwarning: [m[Kunused parameter â€˜[01m[Ktmp_2[m[Kâ€™ [[01;35m[K-Wunused-parameter[m[K]
   60 |                         [01;35m[Kconst eufs_msgs::msg::CarState::ConstSharedPtr& tmp_2[m[K) const
      |                         [01;35m[K~~~~~~~~~~~~~~~~~~~~~~~~~~~~~~~~~~~~~~~~~~~~~~~~^~~~~[m[K
make[2]: *** [CMakeFiles/slam_test.dir/build.make:63: CMakeFiles/slam_test.dir/src/EKF_SLAM.cpp.o] Error 1
make[1]: *** [CMakeFiles/Makefile2:78: CMakeFiles/slam_test.dir/all] Error 2
make: *** [Makefile:141: all] Error 2
