[0.166s] Invoking command in '/home/andrewwhong/workspace/driverless/driverless_ws/src/build/planning': AMENT_PREFIX_PATH=/home/andrewwhong/workspace/driverless/driverless_ws/src/install/eufs_msgs:${AMENT_PREFIX_PATH} CMAKE_PREFIX_PATH=/home/andrewwhong/workspace/driverless/driverless_ws/src/install/eufs_msgs:/home/andrewwhong/workspace/driverless/driverless_ws/install/perceptions:/home/andrewwhong/workspace/driverless/driverless_ws/install/interfaces:/home/andrewwhong/workspace/driverless/driverless_ws/install/eufs_msgs:/home/andrewwhong/workspace/driverless/driverless_ws/install/controls:/home/andrewwhong/workspace/driverless/driverless_ws/install/common:/home/andrewwhong/workspace/driverless/driverless_ws/install/collection:/home/andrewwhong/workspace/driverless/driverless_ws/install/actuators:/opt/ros/foxy LD_LIBRARY_PATH=/home/andrewwhong/workspace/driverless/driverless_ws/src/install/eufs_msgs/lib:${LD_LIBRARY_PATH} PYTHONPATH=/home/andrewwhong/workspace/driverless/driverless_ws/src/install/eufs_msgs/lib/python3.8/site-packages:${PYTHONPATH} /usr/bin/cmake --build /home/andrewwhong/workspace/driverless/driverless_ws/src/build/planning -- -j12 -l12
[0.201s] [35m[1mScanning dependencies of target slam_test[0m
[0.233s] [ 50%] [32mBuilding CXX object CMakeFiles/slam_test.dir/src/EKF_SLAM.cpp.o[0m
[1.502s] [01m[K/home/andrewwhong/workspace/driverless/driverless_ws/src/planning/src/EKF_SLAM.cpp:[m[K In constructor â€˜[01m[KSLAMValidation::SLAMValidation()[m[Kâ€™:
[1.502s] [01m[K/home/andrewwhong/workspace/driverless/driverless_ws/src/planning/src/EKF_SLAM.cpp:32:47:[m[K [01;31m[Kerror: [m[Kâ€˜[01m[KApproximateTime[m[Kâ€™ in namespace â€˜[01m[Kmessage_filters::sync_policies[m[Kâ€™ does not name a template type
[1.503s]    32 |       typedef message_filters::sync_policies::[01;31m[KApproximateTime[m[K<eufs_msgs::msg::ConeArrayWithCovariance,
[1.503s]       |                                               [01;31m[K^~~~~~~~~~~~~~~[m[K
[1.508s] [01m[K/home/andrewwhong/workspace/driverless/driverless_ws/src/planning/src/EKF_SLAM.cpp:34:37:[m[K [01;31m[Kerror: [m[Kâ€˜[01m[Kapprox_sync_policy[m[Kâ€™ was not declared in this scope
[1.508s]    34 |       message_filters::Synchronizer<[01;31m[Kapprox_sync_policy[m[K> approx_sync(approx_sync_policy(10), cone_sub, vehicle_state_sub);
[1.509s]       |                                     [01;31m[K^~~~~~~~~~~~~~~~~~[m[K
[1.509s] [01m[K/home/andrewwhong/workspace/driverless/driverless_ws/src/planning/src/EKF_SLAM.cpp:34:55:[m[K [01;31m[Kerror: [m[Ktemplate argument 1 is invalid
[1.509s]    34 |       message_filters::Synchronizer<approx_sync_policy[01;31m[K>[m[K approx_sync(approx_sync_policy(10), cone_sub, vehicle_state_sub);
[1.509s]       |                                                       [01;31m[K^[m[K
[1.509s] [01m[K/home/andrewwhong/workspace/driverless/driverless_ws/src/planning/src/EKF_SLAM.cpp:34:120:[m[K [01;31m[Kerror: [m[Kexpression list treated as compound expression in initializer [[01;31m[K-fpermissive[m[K]
[1.509s]    34 |       message_filters::Synchronizer<approx_sync_policy> approx_sync(approx_sync_policy(10), cone_sub, vehicle_state_sub[01;31m[K)[m[K;
[1.509s]       |                                                                                                                        [01;31m[K^[m[K
[1.509s] [01m[K/home/andrewwhong/workspace/driverless/driverless_ws/src/planning/src/EKF_SLAM.cpp:35:19:[m[K [01;31m[Kerror: [m[Krequest for member â€˜[01m[KsetMaxIntervalDuration[m[Kâ€™ in â€˜[01m[Kapprox_sync[m[Kâ€™, which is of non-class type â€˜[01m[Kint[m[Kâ€™
[1.509s]    35 |       approx_sync.[01;31m[KsetMaxIntervalDuration[m[K(rclcpp::Duration(0, 100000000));
[1.509s]       |                   [01;31m[K^~~~~~~~~~~~~~~~~~~~~~[m[K
[1.509s] [01m[K/home/andrewwhong/workspace/driverless/driverless_ws/src/planning/src/EKF_SLAM.cpp:36:19:[m[K [01;31m[Kerror: [m[Krequest for member â€˜[01m[KregisterCallback[m[Kâ€™ in â€˜[01m[Kapprox_sync[m[Kâ€™, which is of non-class type â€˜[01m[Kint[m[Kâ€™
[1.509s]    36 |       approx_sync.[01;31m[KregisterCallback[m[K(std::bind(&SLAMValidation::run_slam, this, std::placeholders::_1, std::placeholders::_2));
[1.509s]       |                   [01;31m[K^~~~~~~~~~~~~~~~[m[K
[3.261s] make[2]: *** [CMakeFiles/slam_test.dir/build.make:63: CMakeFiles/slam_test.dir/src/EKF_SLAM.cpp.o] Error 1
[3.261s] make[1]: *** [CMakeFiles/Makefile2:78: CMakeFiles/slam_test.dir/all] Error 2
[3.261s] make: *** [Makefile:141: all] Error 2
[3.263s] Invoked command in '/home/andrewwhong/workspace/driverless/driverless_ws/src/build/planning' returned '2': AMENT_PREFIX_PATH=/home/andrewwhong/workspace/driverless/driverless_ws/src/install/eufs_msgs:${AMENT_PREFIX_PATH} CMAKE_PREFIX_PATH=/home/andrewwhong/workspace/driverless/driverless_ws/src/install/eufs_msgs:/home/andrewwhong/workspace/driverless/driverless_ws/install/perceptions:/home/andrewwhong/workspace/driverless/driverless_ws/install/interfaces:/home/andrewwhong/workspace/driverless/driverless_ws/install/eufs_msgs:/home/andrewwhong/workspace/driverless/driverless_ws/install/controls:/home/andrewwhong/workspace/driverless/driverless_ws/install/common:/home/andrewwhong/workspace/driverless/driverless_ws/install/collection:/home/andrewwhong/workspace/driverless/driverless_ws/install/actuators:/opt/ros/foxy LD_LIBRARY_PATH=/home/andrewwhong/workspace/driverless/driverless_ws/src/install/eufs_msgs/lib:${LD_LIBRARY_PATH} PYTHONPATH=/home/andrewwhong/workspace/driverless/driverless_ws/src/install/eufs_msgs/lib/python3.8/site-packages:${PYTHONPATH} /usr/bin/cmake --build /home/andrewwhong/workspace/driverless/driverless_ws/src/build/planning -- -j12 -l12
