[35m[1mScanning dependencies of target slam_test[0m
[ 50%] [32mBuilding CXX object CMakeFiles/slam_test.dir/src/EKF_SLAM.cpp.o[0m
[01m[K/driverless/driverless_ws/src/planning/src/EKF_SLAM.cpp:[m[K In constructor â€˜[01m[KSLAMValidation::SLAMValidation()[m[Kâ€™:
[01m[K/driverless/driverless_ws/src/planning/src/EKF_SLAM.cpp:28:83:[m[K [01;31m[Kerror: [m[Kâ€˜[01m[K_2[m[Kâ€™ was not declared in this scope; did you mean â€˜[01m[Kstd::placeholders::_2[m[Kâ€™?
   28 |       approx_sync.registerCallback(std::bind(&SLAMValidation::run_slam, this, _1, [01;31m[K_2[m[K));
      |                                                                                   [01;31m[K^~[m[K
      |                                                                                   [32m[Kstd::placeholders::_2[m[K
In file included from [01m[K/opt/ros/foxy/include/rclcpp/context.hpp:19[m[K,
                 from [01m[K/opt/ros/foxy/include/rclcpp/contexts/default_context.hpp:18[m[K,
                 from [01m[K/opt/ros/foxy/include/rclcpp/executor.hpp:32[m[K,
                 from [01m[K/opt/ros/foxy/include/rclcpp/executors/multi_threaded_executor.hpp:26[m[K,
                 from [01m[K/opt/ros/foxy/include/rclcpp/executors.hpp:21[m[K,
                 from [01m[K/opt/ros/foxy/include/rclcpp/rclcpp.hpp:146[m[K,
                 from [01m[K/driverless/driverless_ws/src/planning/src/EKF_SLAM.cpp:3[m[K:
[01m[K/usr/include/c++/9/functional:212:34:[m[K [01;36m[Knote: [m[Kâ€˜[01m[Kstd::placeholders::_2[m[Kâ€™ declared here
  212 |     extern const _Placeholder<2> [01;36m[K_2[m[K;
      |                                  [01;36m[K^~[m[K
make[2]: *** [CMakeFiles/slam_test.dir/build.make:63: CMakeFiles/slam_test.dir/src/EKF_SLAM.cpp.o] Error 1
make[1]: *** [CMakeFiles/Makefile2:78: CMakeFiles/slam_test.dir/all] Error 2
make: *** [Makefile:141: all] Error 2
